Command line invocation:
    /Applications/Xcode.app/Contents/Developer/usr/bin/xcodebuild -project Launcher.xcodeproj -scheme Launcher -destination platform=macOS test

ComputePackagePrebuildTargetDependencyGraph

Prepare packages

CreateBuildRequest

SendProjectDescription

CreateBuildOperation

ComputeTargetDependencyGraph
note: Building targets in dependency order
note: Target dependency graph (3 targets)
    Target 'LauncherUITests' in project 'Launcher'
        ➜ Explicit dependency on target 'Launcher' in project 'Launcher'
    Target 'LauncherTests' in project 'Launcher'
        ➜ Explicit dependency on target 'Launcher' in project 'Launcher'
    Target 'Launcher' in project 'Launcher' (no dependencies)

GatherProvisioningInputs

CreateBuildDescription

ExecuteExternalTool /Applications/Xcode.app/Contents/Developer/usr/bin/actool --version --output-format xml1

ExecuteExternalTool /Applications/Xcode.app/Contents/Developer/Toolchains/XcodeDefault.xctoolchain/usr/bin/swiftc --version

ExecuteExternalTool /Applications/Xcode.app/Contents/Developer/Toolchains/XcodeDefault.xctoolchain/usr/bin/clang -v -E -dM -isysroot /Applications/Xcode.app/Contents/Developer/Platforms/MacOSX.platform/Developer/SDKs/MacOSX15.5.sdk -x c -c /dev/null

ExecuteExternalTool /Applications/Xcode.app/Contents/Developer/Toolchains/XcodeDefault.xctoolchain/usr/bin/ld -version_details

Build description signature: b9ff474a825c3e7596255368a9e4dbda
Build description path: /Users/pp5x/Library/Developer/Xcode/DerivedData/Launcher-cbzeuchggxsgdhbpecnphfgvguwc/Build/Intermediates.noindex/XCBuildData/b9ff474a825c3e7596255368a9e4dbda.xcbuilddata
ClangStatCache /Applications/Xcode.app/Contents/Developer/Toolchains/XcodeDefault.xctoolchain/usr/bin/clang-stat-cache /Applications/Xcode.app/Contents/Developer/Platforms/MacOSX.platform/Developer/SDKs/MacOSX15.5.sdk /Users/pp5x/Library/Developer/Xcode/DerivedData/SDKStatCaches.noindex/macosx15.5-24F74-8254517eb8b97d462ccbc072ba9094c9.sdkstatcache
    cd /Users/pp5x/Documents/Launcher/Launcher.xcodeproj
    /Applications/Xcode.app/Contents/Developer/Toolchains/XcodeDefault.xctoolchain/usr/bin/clang-stat-cache /Applications/Xcode.app/Contents/Developer/Platforms/MacOSX.platform/Developer/SDKs/MacOSX15.5.sdk -o /Users/pp5x/Library/Developer/Xcode/DerivedData/SDKStatCaches.noindex/macosx15.5-24F74-8254517eb8b97d462ccbc072ba9094c9.sdkstatcache

MkDir /Users/pp5x/Library/Developer/Xcode/DerivedData/Launcher-cbzeuchggxsgdhbpecnphfgvguwc/Build/Products/Debug/Launcher.app/Contents/PlugIns/LauncherTests.xctest/Contents (in target 'LauncherTests' from project 'Launcher')
    cd /Users/pp5x/Documents/Launcher
    /bin/mkdir -p /Users/pp5x/Library/Developer/Xcode/DerivedData/Launcher-cbzeuchggxsgdhbpecnphfgvguwc/Build/Products/Debug/Launcher.app/Contents/PlugIns/LauncherTests.xctest/Contents

MkDir /Users/pp5x/Library/Developer/Xcode/DerivedData/Launcher-cbzeuchggxsgdhbpecnphfgvguwc/Build/Products/Debug/Launcher.app/Contents/PlugIns/LauncherTests.xctest/Contents/MacOS (in target 'LauncherTests' from project 'Launcher')
    cd /Users/pp5x/Documents/Launcher
    /bin/mkdir -p /Users/pp5x/Library/Developer/Xcode/DerivedData/Launcher-cbzeuchggxsgdhbpecnphfgvguwc/Build/Products/Debug/Launcher.app/Contents/PlugIns/LauncherTests.xctest/Contents/MacOS

MkDir /Users/pp5x/Library/Developer/Xcode/DerivedData/Launcher-cbzeuchggxsgdhbpecnphfgvguwc/Build/Products/Debug/Launcher.app/Contents/PlugIns (in target 'Launcher' from project 'Launcher')
    cd /Users/pp5x/Documents/Launcher
    /bin/mkdir -p /Users/pp5x/Library/Developer/Xcode/DerivedData/Launcher-cbzeuchggxsgdhbpecnphfgvguwc/Build/Products/Debug/Launcher.app/Contents/PlugIns

MkDir /Users/pp5x/Library/Developer/Xcode/DerivedData/Launcher-cbzeuchggxsgdhbpecnphfgvguwc/Build/Products/Debug/Launcher.app/Contents/Frameworks (in target 'Launcher' from project 'Launcher')
    cd /Users/pp5x/Documents/Launcher
    /bin/mkdir -p /Users/pp5x/Library/Developer/Xcode/DerivedData/Launcher-cbzeuchggxsgdhbpecnphfgvguwc/Build/Products/Debug/Launcher.app/Contents/Frameworks

ProcessProductPackaging /Users/pp5x/Documents/Launcher/Launcher/Launcher.entitlements /Users/pp5x/Library/Developer/Xcode/DerivedData/Launcher-cbzeuchggxsgdhbpecnphfgvguwc/Build/Intermediates.noindex/Launcher.build/Debug/Launcher.build/Launcher.app.xcent (in target 'Launcher' from project 'Launcher')
    cd /Users/pp5x/Documents/Launcher
    
    Entitlements:
    
    {
    "com.apple.security.app-sandbox" = 1;
    "com.apple.security.files.read-only" = 1;
    "com.apple.security.files.user-selected.read-only" = 1;
    "com.apple.security.get-task-allow" = 1;
}
    
    builtin-productPackagingUtility /Users/pp5x/Documents/Launcher/Launcher/Launcher.entitlements -entitlements -format xml -o /Users/pp5x/Library/Developer/Xcode/DerivedData/Launcher-cbzeuchggxsgdhbpecnphfgvguwc/Build/Intermediates.noindex/Launcher.build/Debug/Launcher.build/Launcher.app.xcent

ProcessProductPackagingDER /Users/pp5x/Library/Developer/Xcode/DerivedData/Launcher-cbzeuchggxsgdhbpecnphfgvguwc/Build/Intermediates.noindex/Launcher.build/Debug/Launcher.build/Launcher.app.xcent /Users/pp5x/Library/Developer/Xcode/DerivedData/Launcher-cbzeuchggxsgdhbpecnphfgvguwc/Build/Intermediates.noindex/Launcher.build/Debug/Launcher.build/Launcher.app.xcent.der (in target 'Launcher' from project 'Launcher')
    cd /Users/pp5x/Documents/Launcher
    /usr/bin/derq query -f xml -i /Users/pp5x/Library/Developer/Xcode/DerivedData/Launcher-cbzeuchggxsgdhbpecnphfgvguwc/Build/Intermediates.noindex/Launcher.build/Debug/Launcher.build/Launcher.app.xcent -o /Users/pp5x/Library/Developer/Xcode/DerivedData/Launcher-cbzeuchggxsgdhbpecnphfgvguwc/Build/Intermediates.noindex/Launcher.build/Debug/Launcher.build/Launcher.app.xcent.der --raw

Copy /Users/pp5x/Library/Developer/Xcode/DerivedData/Launcher-cbzeuchggxsgdhbpecnphfgvguwc/Build/Products/Debug/Launcher.app/Contents/Frameworks/libXCTestSwiftSupport.dylib /Applications/Xcode.app/Contents/Developer/Platforms/MacOSX.platform/Developer/usr/lib/libXCTestSwiftSupport.dylib (in target 'Launcher' from project 'Launcher')
    cd /Users/pp5x/Documents/Launcher
    builtin-copy -exclude .DS_Store -exclude CVS -exclude .svn -exclude .git -exclude .hg -exclude Headers -exclude PrivateHeaders -exclude Modules -exclude \*.tbd -resolve-src-symlinks /Applications/Xcode.app/Contents/Developer/Platforms/MacOSX.platform/Developer/usr/lib/libXCTestSwiftSupport.dylib /Users/pp5x/Library/Developer/Xcode/DerivedData/Launcher-cbzeuchggxsgdhbpecnphfgvguwc/Build/Products/Debug/Launcher.app/Contents/Frameworks

Copy /Users/pp5x/Library/Developer/Xcode/DerivedData/Launcher-cbzeuchggxsgdhbpecnphfgvguwc/Build/Products/Debug/Launcher.app/Contents/Frameworks/XCUIAutomation.framework /Applications/Xcode.app/Contents/Developer/Platforms/MacOSX.platform/Developer/Library/Frameworks/XCUIAutomation.framework (in target 'Launcher' from project 'Launcher')
    cd /Users/pp5x/Documents/Launcher
    builtin-copy -exclude .DS_Store -exclude CVS -exclude .svn -exclude .git -exclude .hg -exclude Headers -exclude PrivateHeaders -exclude Modules -exclude \*.tbd -resolve-src-symlinks /Applications/Xcode.app/Contents/Developer/Platforms/MacOSX.platform/Developer/Library/Frameworks/XCUIAutomation.framework /Users/pp5x/Library/Developer/Xcode/DerivedData/Launcher-cbzeuchggxsgdhbpecnphfgvguwc/Build/Products/Debug/Launcher.app/Contents/Frameworks

Copy /Users/pp5x/Library/Developer/Xcode/DerivedData/Launcher-cbzeuchggxsgdhbpecnphfgvguwc/Build/Products/Debug/Launcher.app/Contents/Frameworks/XCTestSupport.framework /Applications/Xcode.app/Contents/Developer/Platforms/MacOSX.platform/Developer/Library/PrivateFrameworks/XCTestSupport.framework (in target 'Launcher' from project 'Launcher')
    cd /Users/pp5x/Documents/Launcher
    builtin-copy -exclude .DS_Store -exclude CVS -exclude .svn -exclude .git -exclude .hg -exclude Headers -exclude PrivateHeaders -exclude Modules -exclude \*.tbd -resolve-src-symlinks /Applications/Xcode.app/Contents/Developer/Platforms/MacOSX.platform/Developer/Library/PrivateFrameworks/XCTestSupport.framework /Users/pp5x/Library/Developer/Xcode/DerivedData/Launcher-cbzeuchggxsgdhbpecnphfgvguwc/Build/Products/Debug/Launcher.app/Contents/Frameworks

Copy /Users/pp5x/Library/Developer/Xcode/DerivedData/Launcher-cbzeuchggxsgdhbpecnphfgvguwc/Build/Products/Debug/Launcher.app/Contents/Frameworks/XCTestCore.framework /Applications/Xcode.app/Contents/Developer/Platforms/MacOSX.platform/Developer/Library/PrivateFrameworks/XCTestCore.framework (in target 'Launcher' from project 'Launcher')
    cd /Users/pp5x/Documents/Launcher
    builtin-copy -exclude .DS_Store -exclude CVS -exclude .svn -exclude .git -exclude .hg -exclude Headers -exclude PrivateHeaders -exclude Modules -exclude \*.tbd -resolve-src-symlinks /Applications/Xcode.app/Contents/Developer/Platforms/MacOSX.platform/Developer/Library/PrivateFrameworks/XCTestCore.framework /Users/pp5x/Library/Developer/Xcode/DerivedData/Launcher-cbzeuchggxsgdhbpecnphfgvguwc/Build/Products/Debug/Launcher.app/Contents/Frameworks

Copy /Users/pp5x/Library/Developer/Xcode/DerivedData/Launcher-cbzeuchggxsgdhbpecnphfgvguwc/Build/Products/Debug/Launcher.app/Contents/Frameworks/XCUnit.framework /Applications/Xcode.app/Contents/Developer/Platforms/MacOSX.platform/Developer/Library/PrivateFrameworks/XCUnit.framework (in target 'Launcher' from project 'Launcher')
    cd /Users/pp5x/Documents/Launcher
    builtin-copy -exclude .DS_Store -exclude CVS -exclude .svn -exclude .git -exclude .hg -exclude Headers -exclude PrivateHeaders -exclude Modules -exclude \*.tbd -resolve-src-symlinks /Applications/Xcode.app/Contents/Developer/Platforms/MacOSX.platform/Developer/Library/PrivateFrameworks/XCUnit.framework /Users/pp5x/Library/Developer/Xcode/DerivedData/Launcher-cbzeuchggxsgdhbpecnphfgvguwc/Build/Products/Debug/Launcher.app/Contents/Frameworks

Copy /Users/pp5x/Library/Developer/Xcode/DerivedData/Launcher-cbzeuchggxsgdhbpecnphfgvguwc/Build/Products/Debug/Launcher.app/Contents/Frameworks/libXCTestBundleInject.dylib /Applications/Xcode.app/Contents/Developer/Platforms/MacOSX.platform/Developer/usr/lib/libXCTestBundleInject.dylib (in target 'Launcher' from project 'Launcher')
    cd /Users/pp5x/Documents/Launcher
    builtin-copy -exclude .DS_Store -exclude CVS -exclude .svn -exclude .git -exclude .hg -exclude Headers -exclude PrivateHeaders -exclude Modules -exclude \*.tbd -resolve-src-symlinks /Applications/Xcode.app/Contents/Developer/Platforms/MacOSX.platform/Developer/usr/lib/libXCTestBundleInject.dylib /Users/pp5x/Library/Developer/Xcode/DerivedData/Launcher-cbzeuchggxsgdhbpecnphfgvguwc/Build/Products/Debug/Launcher.app/Contents/Frameworks

Copy /Users/pp5x/Library/Developer/Xcode/DerivedData/Launcher-cbzeuchggxsgdhbpecnphfgvguwc/Build/Products/Debug/Launcher.app/Contents/Frameworks/XCTest.framework /Applications/Xcode.app/Contents/Developer/Platforms/MacOSX.platform/Developer/Library/Frameworks/XCTest.framework (in target 'Launcher' from project 'Launcher')
    cd /Users/pp5x/Documents/Launcher
    builtin-copy -exclude .DS_Store -exclude CVS -exclude .svn -exclude .git -exclude .hg -exclude Headers -exclude PrivateHeaders -exclude Modules -exclude \*.tbd -resolve-src-symlinks /Applications/Xcode.app/Contents/Developer/Platforms/MacOSX.platform/Developer/Library/Frameworks/XCTest.framework /Users/pp5x/Library/Developer/Xcode/DerivedData/Launcher-cbzeuchggxsgdhbpecnphfgvguwc/Build/Products/Debug/Launcher.app/Contents/Frameworks

ProcessInfoPlistFile /Users/pp5x/Library/Developer/Xcode/DerivedData/Launcher-cbzeuchggxsgdhbpecnphfgvguwc/Build/Products/Debug/Launcher.app/Contents/Info.plist /Users/pp5x/Library/Developer/Xcode/DerivedData/Launcher-cbzeuchggxsgdhbpecnphfgvguwc/Build/Intermediates.noindex/Launcher.build/Debug/Launcher.build/empty-Launcher.plist (in target 'Launcher' from project 'Launcher')
    cd /Users/pp5x/Documents/Launcher
    builtin-infoPlistUtility /Users/pp5x/Library/Developer/Xcode/DerivedData/Launcher-cbzeuchggxsgdhbpecnphfgvguwc/Build/Intermediates.noindex/Launcher.build/Debug/Launcher.build/empty-Launcher.plist -producttype com.apple.product-type.application -genpkginfo /Users/pp5x/Library/Developer/Xcode/DerivedData/Launcher-cbzeuchggxsgdhbpecnphfgvguwc/Build/Products/Debug/Launcher.app/Contents/PkgInfo -expandbuildsettings -platform macosx -additionalcontentfile /Users/pp5x/Library/Developer/Xcode/DerivedData/Launcher-cbzeuchggxsgdhbpecnphfgvguwc/Build/Intermediates.noindex/Launcher.build/Debug/Launcher.build/assetcatalog_generated_info.plist -o /Users/pp5x/Library/Developer/Xcode/DerivedData/Launcher-cbzeuchggxsgdhbpecnphfgvguwc/Build/Products/Debug/Launcher.app/Contents/Info.plist

Copy /Users/pp5x/Library/Developer/Xcode/DerivedData/Launcher-cbzeuchggxsgdhbpecnphfgvguwc/Build/Products/Debug/Launcher.app/Contents/Frameworks/XCTAutomationSupport.framework /Applications/Xcode.app/Contents/Developer/Platforms/MacOSX.platform/Developer/Library/PrivateFrameworks/XCTAutomationSupport.framework (in target 'Launcher' from project 'Launcher')
    cd /Users/pp5x/Documents/Launcher
    builtin-copy -exclude .DS_Store -exclude CVS -exclude .svn -exclude .git -exclude .hg -exclude Headers -exclude PrivateHeaders -exclude Modules -exclude \*.tbd -resolve-src-symlinks /Applications/Xcode.app/Contents/Developer/Platforms/MacOSX.platform/Developer/Library/PrivateFrameworks/XCTAutomationSupport.framework /Users/pp5x/Library/Developer/Xcode/DerivedData/Launcher-cbzeuchggxsgdhbpecnphfgvguwc/Build/Products/Debug/Launcher.app/Contents/Frameworks

Copy /Users/pp5x/Library/Developer/Xcode/DerivedData/Launcher-cbzeuchggxsgdhbpecnphfgvguwc/Build/Products/Debug/Launcher.app/Contents/Frameworks/Testing.framework /Applications/Xcode.app/Contents/Developer/Platforms/MacOSX.platform/Developer/Library/Frameworks/Testing.framework (in target 'Launcher' from project 'Launcher')
    cd /Users/pp5x/Documents/Launcher
    builtin-copy -exclude .DS_Store -exclude CVS -exclude .svn -exclude .git -exclude .hg -exclude Headers -exclude PrivateHeaders -exclude Modules -exclude \*.tbd -resolve-src-symlinks /Applications/Xcode.app/Contents/Developer/Platforms/MacOSX.platform/Developer/Library/Frameworks/Testing.framework /Users/pp5x/Library/Developer/Xcode/DerivedData/Launcher-cbzeuchggxsgdhbpecnphfgvguwc/Build/Products/Debug/Launcher.app/Contents/Frameworks

CopySwiftLibs /Users/pp5x/Library/Developer/Xcode/DerivedData/Launcher-cbzeuchggxsgdhbpecnphfgvguwc/Build/Products/Debug/Launcher.app (in target 'Launcher' from project 'Launcher')
    cd /Users/pp5x/Documents/Launcher
    builtin-swiftStdLibTool --copy --verbose --sign - --scan-executable /Users/pp5x/Library/Developer/Xcode/DerivedData/Launcher-cbzeuchggxsgdhbpecnphfgvguwc/Build/Products/Debug/Launcher.app/Contents/MacOS/Launcher.debug.dylib --scan-folder /Users/pp5x/Library/Developer/Xcode/DerivedData/Launcher-cbzeuchggxsgdhbpecnphfgvguwc/Build/Products/Debug/Launcher.app/Contents/Frameworks --scan-folder /Users/pp5x/Library/Developer/Xcode/DerivedData/Launcher-cbzeuchggxsgdhbpecnphfgvguwc/Build/Products/Debug/Launcher.app/Contents/PlugIns --scan-folder /Users/pp5x/Library/Developer/Xcode/DerivedData/Launcher-cbzeuchggxsgdhbpecnphfgvguwc/Build/Products/Debug/Launcher.app/Contents/Library/SystemExtensions --scan-folder /Users/pp5x/Library/Developer/Xcode/DerivedData/Launcher-cbzeuchggxsgdhbpecnphfgvguwc/Build/Products/Debug/Launcher.app/Contents/Extensions --platform macosx --toolchain /Applications/Xcode.app/Contents/Developer/Toolchains/XcodeDefault.xctoolchain --destination /Users/pp5x/Library/Developer/Xcode/DerivedData/Launcher-cbzeuchggxsgdhbpecnphfgvguwc/Build/Products/Debug/Launcher.app/Contents/Frameworks --strip-bitcode --strip-bitcode-tool /Applications/Xcode.app/Contents/Developer/Toolchains/XcodeDefault.xctoolchain/usr/bin/bitcode_strip --emit-dependency-info /Users/pp5x/Library/Developer/Xcode/DerivedData/Launcher-cbzeuchggxsgdhbpecnphfgvguwc/Build/Intermediates.noindex/Launcher.build/Debug/Launcher.build/SwiftStdLibToolInputDependencies.dep --filter-for-swift-os

ProcessProductPackaging "" /Users/pp5x/Library/Developer/Xcode/DerivedData/Launcher-cbzeuchggxsgdhbpecnphfgvguwc/Build/Intermediates.noindex/Launcher.build/Debug/LauncherUITests.build/LauncherUITests.xctest.xcent (in target 'LauncherUITests' from project 'Launcher')
    cd /Users/pp5x/Documents/Launcher
    
    Entitlements:
    
    {
    "com.apple.application-identifier" = "com.pp5x.LauncherUITests.xctrunner";
    "com.apple.security.app-sandbox" = 1;
    "com.apple.security.get-task-allow" = 1;
    "com.apple.security.network.client" = 1;
    "com.apple.security.temporary-exception.files.absolute-path.read-only" =     (
        "/"
    );
    "com.apple.security.temporary-exception.mach-lookup.global-name" =     (
        "com.apple.testmanagerd",
        "com.apple.dt.testmanagerd.runner",
        "com.apple.coresymbolicationd",
        "com.apple.coredevice.version",
        "com.apple.coredevice.service",
        "com.apple.remoted"
    );
    "com.apple.security.temporary-exception.mach-lookup.local-name" =     (
        "com.apple.axserver"
    );
    "com.apple.security.temporary-exception.sbpl" =     (
        "(allow hid-control)",
        "(allow signal)"
    );
}
    
    builtin-productPackagingUtility -entitlements -format xml -o /Users/pp5x/Library/Developer/Xcode/DerivedData/Launcher-cbzeuchggxsgdhbpecnphfgvguwc/Build/Intermediates.noindex/Launcher.build/Debug/LauncherUITests.build/LauncherUITests.xctest.xcent

CodeSign /Users/pp5x/Library/Developer/Xcode/DerivedData/Launcher-cbzeuchggxsgdhbpecnphfgvguwc/Build/Products/Debug/Launcher.app/Contents/Frameworks/XCTestCore.framework (in target 'Launcher' from project 'Launcher')
    cd /Users/pp5x/Documents/Launcher
    
    Signing Identity:     "Sign to Run Locally"
    
    /usr/bin/codesign --force --sign - --timestamp\=none --preserve-metadata\=identifier,entitlements,flags --generate-entitlement-der /Users/pp5x/Library/Developer/Xcode/DerivedData/Launcher-cbzeuchggxsgdhbpecnphfgvguwc/Build/Products/Debug/Launcher.app/Contents/Frameworks/XCTestCore.framework
/Users/pp5x/Library/Developer/Xcode/DerivedData/Launcher-cbzeuchggxsgdhbpecnphfgvguwc/Build/Products/Debug/Launcher.app/Contents/Frameworks/XCTestCore.framework: replacing existing signature

SwiftDriver LauncherTests normal arm64 com.apple.xcode.tools.swift.compiler (in target 'LauncherTests' from project 'Launcher')
    cd /Users/pp5x/Documents/Launcher
    builtin-SwiftDriver -- /Applications/Xcode.app/Contents/Developer/Toolchains/XcodeDefault.xctoolchain/usr/bin/swiftc -module-name LauncherTests -Onone -enforce-exclusivity\=checked @/Users/pp5x/Library/Developer/Xcode/DerivedData/Launcher-cbzeuchggxsgdhbpecnphfgvguwc/Build/Intermediates.noindex/Launcher.build/Debug/LauncherTests.build/Objects-normal/arm64/LauncherTests.SwiftFileList -DDEBUG -plugin-path /Applications/Xcode.app/Contents/Developer/Toolchains/XcodeDefault.xctoolchain/usr/lib/swift/host/plugins/testing -enable-bare-slash-regex -enable-experimental-feature DebugDescriptionMacro -sdk /Applications/Xcode.app/Contents/Developer/Platforms/MacOSX.platform/Developer/SDKs/MacOSX15.5.sdk -target arm64-apple-macos15.5 -g -module-cache-path /Users/pp5x/Library/Developer/Xcode/DerivedData/ModuleCache.noindex -Xfrontend -serialize-debugging-options -profile-coverage-mapping -profile-generate -enable-testing -index-store-path /Users/pp5x/Library/Developer/Xcode/DerivedData/Launcher-cbzeuchggxsgdhbpecnphfgvguwc/Index.noindex/DataStore -swift-version 5 -I /Users/pp5x/Library/Developer/Xcode/DerivedData/Launcher-cbzeuchggxsgdhbpecnphfgvguwc/Build/Products/Debug -I /Applications/Xcode.app/Contents/Developer/Platforms/MacOSX.platform/Developer/usr/lib -F /Users/pp5x/Library/Developer/Xcode/DerivedData/Launcher-cbzeuchggxsgdhbpecnphfgvguwc/Build/Products/Debug -F /Applications/Xcode.app/Contents/Developer/Platforms/MacOSX.platform/Developer/Library/Frameworks -parse-as-library -c -j8 -enable-batch-mode -incremental -Xcc -ivfsstatcache -Xcc /Users/pp5x/Library/Developer/Xcode/DerivedData/SDKStatCaches.noindex/macosx15.5-24F74-8254517eb8b97d462ccbc072ba9094c9.sdkstatcache -output-file-map /Users/pp5x/Library/Developer/Xcode/DerivedData/Launcher-cbzeuchggxsgdhbpecnphfgvguwc/Build/Intermediates.noindex/Launcher.build/Debug/LauncherTests.build/Objects-normal/arm64/LauncherTests-OutputFileMap.json -use-frontend-parseable-output -save-temps -no-color-diagnostics -serialize-diagnostics -emit-dependencies -emit-module -emit-module-path /Users/pp5x/Library/Developer/Xcode/DerivedData/Launcher-cbzeuchggxsgdhbpecnphfgvguwc/Build/Intermediates.noindex/Launcher.build/Debug/LauncherTests.build/Objects-normal/arm64/LauncherTests.swiftmodule -validate-clang-modules-once -clang-build-session-file /Users/pp5x/Library/Developer/Xcode/DerivedData/ModuleCache.noindex/Session.modulevalidation -Xcc -I/Users/pp5x/Library/Developer/Xcode/DerivedData/Launcher-cbzeuchggxsgdhbpecnphfgvguwc/Build/Intermediates.noindex/Launcher.build/Debug/LauncherTests.build/swift-overrides.hmap -emit-const-values -Xfrontend -const-gather-protocols-file -Xfrontend /Users/pp5x/Library/Developer/Xcode/DerivedData/Launcher-cbzeuchggxsgdhbpecnphfgvguwc/Build/Intermediates.noindex/Launcher.build/Debug/LauncherTests.build/Objects-normal/arm64/LauncherTests_const_extract_protocols.json -Xcc -iquote -Xcc /Users/pp5x/Library/Developer/Xcode/DerivedData/Launcher-cbzeuchggxsgdhbpecnphfgvguwc/Build/Intermediates.noindex/Launcher.build/Debug/LauncherTests.build/LauncherTests-generated-files.hmap -Xcc -I/Users/pp5x/Library/Developer/Xcode/DerivedData/Launcher-cbzeuchggxsgdhbpecnphfgvguwc/Build/Intermediates.noindex/Launcher.build/Debug/LauncherTests.build/LauncherTests-own-target-headers.hmap -Xcc -I/Users/pp5x/Library/Developer/Xcode/DerivedData/Launcher-cbzeuchggxsgdhbpecnphfgvguwc/Build/Intermediates.noindex/Launcher.build/Debug/LauncherTests.build/LauncherTests-all-target-headers.hmap -Xcc -iquote -Xcc /Users/pp5x/Library/Developer/Xcode/DerivedData/Launcher-cbzeuchggxsgdhbpecnphfgvguwc/Build/Intermediates.noindex/Launcher.build/Debug/LauncherTests.build/LauncherTests-project-headers.hmap -Xcc -I/Users/pp5x/Library/Developer/Xcode/DerivedData/Launcher-cbzeuchggxsgdhbpecnphfgvguwc/Build/Products/Debug/include -Xcc -I/Users/pp5x/Library/Developer/Xcode/DerivedData/Launcher-cbzeuchggxsgdhbpecnphfgvguwc/Build/Intermediates.noindex/Launcher.build/Debug/LauncherTests.build/DerivedSources-normal/arm64 -Xcc -I/Users/pp5x/Library/Developer/Xcode/DerivedData/Launcher-cbzeuchggxsgdhbpecnphfgvguwc/Build/Intermediates.noindex/Launcher.build/Debug/LauncherTests.build/DerivedSources/arm64 -Xcc -I/Users/pp5x/Library/Developer/Xcode/DerivedData/Launcher-cbzeuchggxsgdhbpecnphfgvguwc/Build/Intermediates.noindex/Launcher.build/Debug/LauncherTests.build/DerivedSources -Xcc -DDEBUG\=1 -emit-objc-header -emit-objc-header-path /Users/pp5x/Library/Developer/Xcode/DerivedData/Launcher-cbzeuchggxsgdhbpecnphfgvguwc/Build/Intermediates.noindex/Launcher.build/Debug/LauncherTests.build/Objects-normal/arm64/LauncherTests-Swift.h -working-directory /Users/pp5x/Documents/Launcher -experimental-emit-module-separately -disable-cmo

CodeSign /Users/pp5x/Library/Developer/Xcode/DerivedData/Launcher-cbzeuchggxsgdhbpecnphfgvguwc/Build/Products/Debug/Launcher.app/Contents/Frameworks/XCTest.framework (in target 'Launcher' from project 'Launcher')
    cd /Users/pp5x/Documents/Launcher
    
    Signing Identity:     "Sign to Run Locally"
    
    /usr/bin/codesign --force --sign - --timestamp\=none --preserve-metadata\=identifier,entitlements,flags --generate-entitlement-der /Users/pp5x/Library/Developer/Xcode/DerivedData/Launcher-cbzeuchggxsgdhbpecnphfgvguwc/Build/Products/Debug/Launcher.app/Contents/Frameworks/XCTest.framework
/Users/pp5x/Library/Developer/Xcode/DerivedData/Launcher-cbzeuchggxsgdhbpecnphfgvguwc/Build/Products/Debug/Launcher.app/Contents/Frameworks/XCTest.framework: replacing existing signature

CodeSign /Users/pp5x/Library/Developer/Xcode/DerivedData/Launcher-cbzeuchggxsgdhbpecnphfgvguwc/Build/Products/Debug/Launcher.app/Contents/Frameworks/XCTestSupport.framework (in target 'Launcher' from project 'Launcher')
    cd /Users/pp5x/Documents/Launcher
    
    Signing Identity:     "Sign to Run Locally"
    
    /usr/bin/codesign --force --sign - --timestamp\=none --preserve-metadata\=identifier,entitlements,flags --generate-entitlement-der /Users/pp5x/Library/Developer/Xcode/DerivedData/Launcher-cbzeuchggxsgdhbpecnphfgvguwc/Build/Products/Debug/Launcher.app/Contents/Frameworks/XCTestSupport.framework
/Users/pp5x/Library/Developer/Xcode/DerivedData/Launcher-cbzeuchggxsgdhbpecnphfgvguwc/Build/Products/Debug/Launcher.app/Contents/Frameworks/XCTestSupport.framework: replacing existing signature

CodeSign /Users/pp5x/Library/Developer/Xcode/DerivedData/Launcher-cbzeuchggxsgdhbpecnphfgvguwc/Build/Products/Debug/Launcher.app/Contents/Frameworks/Testing.framework (in target 'Launcher' from project 'Launcher')
    cd /Users/pp5x/Documents/Launcher
    
    Signing Identity:     "Sign to Run Locally"
    
    /usr/bin/codesign --force --sign - --timestamp\=none --preserve-metadata\=identifier,entitlements,flags --generate-entitlement-der /Users/pp5x/Library/Developer/Xcode/DerivedData/Launcher-cbzeuchggxsgdhbpecnphfgvguwc/Build/Products/Debug/Launcher.app/Contents/Frameworks/Testing.framework
/Users/pp5x/Library/Developer/Xcode/DerivedData/Launcher-cbzeuchggxsgdhbpecnphfgvguwc/Build/Products/Debug/Launcher.app/Contents/Frameworks/Testing.framework: replacing existing signature

CodeSign /Users/pp5x/Library/Developer/Xcode/DerivedData/Launcher-cbzeuchggxsgdhbpecnphfgvguwc/Build/Products/Debug/Launcher.app/Contents/Frameworks/XCTAutomationSupport.framework (in target 'Launcher' from project 'Launcher')
    cd /Users/pp5x/Documents/Launcher
    
    Signing Identity:     "Sign to Run Locally"
    
    /usr/bin/codesign --force --sign - --timestamp\=none --preserve-metadata\=identifier,entitlements,flags --generate-entitlement-der /Users/pp5x/Library/Developer/Xcode/DerivedData/Launcher-cbzeuchggxsgdhbpecnphfgvguwc/Build/Products/Debug/Launcher.app/Contents/Frameworks/XCTAutomationSupport.framework
/Users/pp5x/Library/Developer/Xcode/DerivedData/Launcher-cbzeuchggxsgdhbpecnphfgvguwc/Build/Products/Debug/Launcher.app/Contents/Frameworks/XCTAutomationSupport.framework: replacing existing signature

CodeSign /Users/pp5x/Library/Developer/Xcode/DerivedData/Launcher-cbzeuchggxsgdhbpecnphfgvguwc/Build/Products/Debug/Launcher.app/Contents/Frameworks/libXCTestSwiftSupport.dylib (in target 'Launcher' from project 'Launcher')
    cd /Users/pp5x/Documents/Launcher
    
    Signing Identity:     "Sign to Run Locally"
    
    /usr/bin/codesign --force --sign - --timestamp\=none --preserve-metadata\=identifier,entitlements,flags --generate-entitlement-der /Users/pp5x/Library/Developer/Xcode/DerivedData/Launcher-cbzeuchggxsgdhbpecnphfgvguwc/Build/Products/Debug/Launcher.app/Contents/Frameworks/libXCTestSwiftSupport.dylib
/Users/pp5x/Library/Developer/Xcode/DerivedData/Launcher-cbzeuchggxsgdhbpecnphfgvguwc/Build/Products/Debug/Launcher.app/Contents/Frameworks/libXCTestSwiftSupport.dylib: replacing existing signature

ProcessProductPackagingDER /Users/pp5x/Library/Developer/Xcode/DerivedData/Launcher-cbzeuchggxsgdhbpecnphfgvguwc/Build/Intermediates.noindex/Launcher.build/Debug/LauncherUITests.build/LauncherUITests.xctest.xcent /Users/pp5x/Library/Developer/Xcode/DerivedData/Launcher-cbzeuchggxsgdhbpecnphfgvguwc/Build/Intermediates.noindex/Launcher.build/Debug/LauncherUITests.build/LauncherUITests.xctest.xcent.der (in target 'LauncherUITests' from project 'Launcher')
    cd /Users/pp5x/Documents/Launcher
    /usr/bin/derq query -f xml -i /Users/pp5x/Library/Developer/Xcode/DerivedData/Launcher-cbzeuchggxsgdhbpecnphfgvguwc/Build/Intermediates.noindex/Launcher.build/Debug/LauncherUITests.build/LauncherUITests.xctest.xcent -o /Users/pp5x/Library/Developer/Xcode/DerivedData/Launcher-cbzeuchggxsgdhbpecnphfgvguwc/Build/Intermediates.noindex/Launcher.build/Debug/LauncherUITests.build/LauncherUITests.xctest.xcent.der --raw

CodeSign /Users/pp5x/Library/Developer/Xcode/DerivedData/Launcher-cbzeuchggxsgdhbpecnphfgvguwc/Build/Products/Debug/Launcher.app/Contents/Frameworks/libXCTestBundleInject.dylib (in target 'Launcher' from project 'Launcher')
    cd /Users/pp5x/Documents/Launcher
    
    Signing Identity:     "Sign to Run Locally"
    
    /usr/bin/codesign --force --sign - --timestamp\=none --preserve-metadata\=identifier,entitlements,flags --generate-entitlement-der /Users/pp5x/Library/Developer/Xcode/DerivedData/Launcher-cbzeuchggxsgdhbpecnphfgvguwc/Build/Products/Debug/Launcher.app/Contents/Frameworks/libXCTestBundleInject.dylib
/Users/pp5x/Library/Developer/Xcode/DerivedData/Launcher-cbzeuchggxsgdhbpecnphfgvguwc/Build/Products/Debug/Launcher.app/Contents/Frameworks/libXCTestBundleInject.dylib: replacing existing signature

CodeSign /Users/pp5x/Library/Developer/Xcode/DerivedData/Launcher-cbzeuchggxsgdhbpecnphfgvguwc/Build/Products/Debug/Launcher.app/Contents/Frameworks/XCUnit.framework (in target 'Launcher' from project 'Launcher')
    cd /Users/pp5x/Documents/Launcher
    
    Signing Identity:     "Sign to Run Locally"
    
    /usr/bin/codesign --force --sign - --timestamp\=none --preserve-metadata\=identifier,entitlements,flags --generate-entitlement-der /Users/pp5x/Library/Developer/Xcode/DerivedData/Launcher-cbzeuchggxsgdhbpecnphfgvguwc/Build/Products/Debug/Launcher.app/Contents/Frameworks/XCUnit.framework
/Users/pp5x/Library/Developer/Xcode/DerivedData/Launcher-cbzeuchggxsgdhbpecnphfgvguwc/Build/Products/Debug/Launcher.app/Contents/Frameworks/XCUnit.framework: replacing existing signature

CodeSign /Users/pp5x/Library/Developer/Xcode/DerivedData/Launcher-cbzeuchggxsgdhbpecnphfgvguwc/Build/Products/Debug/Launcher.app/Contents/Frameworks/XCUIAutomation.framework (in target 'Launcher' from project 'Launcher')
    cd /Users/pp5x/Documents/Launcher
    
    Signing Identity:     "Sign to Run Locally"
    
    /usr/bin/codesign --force --sign - --timestamp\=none --preserve-metadata\=identifier,entitlements,flags --generate-entitlement-der /Users/pp5x/Library/Developer/Xcode/DerivedData/Launcher-cbzeuchggxsgdhbpecnphfgvguwc/Build/Products/Debug/Launcher.app/Contents/Frameworks/XCUIAutomation.framework
/Users/pp5x/Library/Developer/Xcode/DerivedData/Launcher-cbzeuchggxsgdhbpecnphfgvguwc/Build/Products/Debug/Launcher.app/Contents/Frameworks/XCUIAutomation.framework: replacing existing signature

SwiftDriver LauncherUITests normal arm64 com.apple.xcode.tools.swift.compiler (in target 'LauncherUITests' from project 'Launcher')
    cd /Users/pp5x/Documents/Launcher
    builtin-SwiftDriver -- /Applications/Xcode.app/Contents/Developer/Toolchains/XcodeDefault.xctoolchain/usr/bin/swiftc -module-name LauncherUITests -Onone -enforce-exclusivity\=checked @/Users/pp5x/Library/Developer/Xcode/DerivedData/Launcher-cbzeuchggxsgdhbpecnphfgvguwc/Build/Intermediates.noindex/Launcher.build/Debug/LauncherUITests.build/Objects-normal/arm64/LauncherUITests.SwiftFileList -DDEBUG -module-alias Testing\=_Testing_Unavailable -plugin-path /Applications/Xcode.app/Contents/Developer/Toolchains/XcodeDefault.xctoolchain/usr/lib/swift/host/plugins/testing -enable-bare-slash-regex -enable-experimental-feature DebugDescriptionMacro -sdk /Applications/Xcode.app/Contents/Developer/Platforms/MacOSX.platform/Developer/SDKs/MacOSX15.5.sdk -target arm64-apple-macos15.5 -g -module-cache-path /Users/pp5x/Library/Developer/Xcode/DerivedData/ModuleCache.noindex -Xfrontend -serialize-debugging-options -profile-coverage-mapping -profile-generate -enable-testing -index-store-path /Users/pp5x/Library/Developer/Xcode/DerivedData/Launcher-cbzeuchggxsgdhbpecnphfgvguwc/Index.noindex/DataStore -swift-version 5 -I /Users/pp5x/Library/Developer/Xcode/DerivedData/Launcher-cbzeuchggxsgdhbpecnphfgvguwc/Build/Products/Debug -I /Applications/Xcode.app/Contents/Developer/Platforms/MacOSX.platform/Developer/usr/lib -F /Users/pp5x/Library/Developer/Xcode/DerivedData/Launcher-cbzeuchggxsgdhbpecnphfgvguwc/Build/Products/Debug -F /Applications/Xcode.app/Contents/Developer/Platforms/MacOSX.platform/Developer/Library/Frameworks -c -j8 -enable-batch-mode -incremental -Xcc -ivfsstatcache -Xcc /Users/pp5x/Library/Developer/Xcode/DerivedData/SDKStatCaches.noindex/macosx15.5-24F74-8254517eb8b97d462ccbc072ba9094c9.sdkstatcache -output-file-map /Users/pp5x/Library/Developer/Xcode/DerivedData/Launcher-cbzeuchggxsgdhbpecnphfgvguwc/Build/Intermediates.noindex/Launcher.build/Debug/LauncherUITests.build/Objects-normal/arm64/LauncherUITests-OutputFileMap.json -use-frontend-parseable-output -save-temps -no-color-diagnostics -serialize-diagnostics -emit-dependencies -emit-module -emit-module-path /Users/pp5x/Library/Developer/Xcode/DerivedData/Launcher-cbzeuchggxsgdhbpecnphfgvguwc/Build/Intermediates.noindex/Launcher.build/Debug/LauncherUITests.build/Objects-normal/arm64/LauncherUITests.swiftmodule -validate-clang-modules-once -clang-build-session-file /Users/pp5x/Library/Developer/Xcode/DerivedData/ModuleCache.noindex/Session.modulevalidation -Xcc -I/Users/pp5x/Library/Developer/Xcode/DerivedData/Launcher-cbzeuchggxsgdhbpecnphfgvguwc/Build/Intermediates.noindex/Launcher.build/Debug/LauncherUITests.build/swift-overrides.hmap -emit-const-values -Xfrontend -const-gather-protocols-file -Xfrontend /Users/pp5x/Library/Developer/Xcode/DerivedData/Launcher-cbzeuchggxsgdhbpecnphfgvguwc/Build/Intermediates.noindex/Launcher.build/Debug/LauncherUITests.build/Objects-normal/arm64/LauncherUITests_const_extract_protocols.json -Xcc -iquote -Xcc /Users/pp5x/Library/Developer/Xcode/DerivedData/Launcher-cbzeuchggxsgdhbpecnphfgvguwc/Build/Intermediates.noindex/Launcher.build/Debug/LauncherUITests.build/LauncherUITests-generated-files.hmap -Xcc -I/Users/pp5x/Library/Developer/Xcode/DerivedData/Launcher-cbzeuchggxsgdhbpecnphfgvguwc/Build/Intermediates.noindex/Launcher.build/Debug/LauncherUITests.build/LauncherUITests-own-target-headers.hmap -Xcc -I/Users/pp5x/Library/Developer/Xcode/DerivedData/Launcher-cbzeuchggxsgdhbpecnphfgvguwc/Build/Intermediates.noindex/Launcher.build/Debug/LauncherUITests.build/LauncherUITests-all-target-headers.hmap -Xcc -iquote -Xcc /Users/pp5x/Library/Developer/Xcode/DerivedData/Launcher-cbzeuchggxsgdhbpecnphfgvguwc/Build/Intermediates.noindex/Launcher.build/Debug/LauncherUITests.build/LauncherUITests-project-headers.hmap -Xcc -I/Users/pp5x/Library/Developer/Xcode/DerivedData/Launcher-cbzeuchggxsgdhbpecnphfgvguwc/Build/Products/Debug/include -Xcc -I/Users/pp5x/Library/Developer/Xcode/DerivedData/Launcher-cbzeuchggxsgdhbpecnphfgvguwc/Build/Intermediates.noindex/Launcher.build/Debug/LauncherUITests.build/DerivedSources-normal/arm64 -Xcc -I/Users/pp5x/Library/Developer/Xcode/DerivedData/Launcher-cbzeuchggxsgdhbpecnphfgvguwc/Build/Intermediates.noindex/Launcher.build/Debug/LauncherUITests.build/DerivedSources/arm64 -Xcc -I/Users/pp5x/Library/Developer/Xcode/DerivedData/Launcher-cbzeuchggxsgdhbpecnphfgvguwc/Build/Intermediates.noindex/Launcher.build/Debug/LauncherUITests.build/DerivedSources -Xcc -DDEBUG\=1 -emit-objc-header -emit-objc-header-path /Users/pp5x/Library/Developer/Xcode/DerivedData/Launcher-cbzeuchggxsgdhbpecnphfgvguwc/Build/Intermediates.noindex/Launcher.build/Debug/LauncherUITests.build/Objects-normal/arm64/LauncherUITests-Swift.h -working-directory /Users/pp5x/Documents/Launcher -experimental-emit-module-separately -disable-cmo

ProcessInfoPlistFile /Users/pp5x/Library/Developer/Xcode/DerivedData/Launcher-cbzeuchggxsgdhbpecnphfgvguwc/Build/Products/Debug/Launcher.app/Contents/PlugIns/LauncherTests.xctest/Contents/Info.plist /Users/pp5x/Library/Developer/Xcode/DerivedData/Launcher-cbzeuchggxsgdhbpecnphfgvguwc/Build/Intermediates.noindex/Launcher.build/Debug/LauncherTests.build/empty-LauncherTests.plist (in target 'LauncherTests' from project 'Launcher')
    cd /Users/pp5x/Documents/Launcher
    builtin-infoPlistUtility /Users/pp5x/Library/Developer/Xcode/DerivedData/Launcher-cbzeuchggxsgdhbpecnphfgvguwc/Build/Intermediates.noindex/Launcher.build/Debug/LauncherTests.build/empty-LauncherTests.plist -producttype com.apple.product-type.bundle.unit-test -expandbuildsettings -platform macosx -o /Users/pp5x/Library/Developer/Xcode/DerivedData/Launcher-cbzeuchggxsgdhbpecnphfgvguwc/Build/Products/Debug/Launcher.app/Contents/PlugIns/LauncherTests.xctest/Contents/Info.plist

SwiftEmitModule normal arm64 Emitting\ module\ for\ LauncherUITests (in target 'LauncherUITests' from project 'Launcher')

EmitSwiftModule normal arm64 (in target 'LauncherUITests' from project 'Launcher')
    cd /Users/pp5x/Documents/Launcher
    

SwiftEmitModule normal arm64 Emitting\ module\ for\ LauncherTests (in target 'LauncherTests' from project 'Launcher')
SwiftCompile normal arm64 /Users/pp5x/Documents/Launcher/LauncherTests/LauncherTests.swift (in target 'LauncherTests' from project 'Launcher')
    cd /Users/pp5x/Documents/Launcher
    

SwiftCompile normal arm64 Compiling\ LauncherUITests.swift /Users/pp5x/Documents/Launcher/LauncherUITests/LauncherUITests.swift (in target 'LauncherUITests' from project 'Launcher')
SwiftCompile normal arm64 /Users/pp5x/Documents/Launcher/LauncherUITests/LauncherUITests.swift (in target 'LauncherUITests' from project 'Launcher')
    cd /Users/pp5x/Documents/Launcher
    

SwiftCompile normal arm64 Compiling\ LauncherTests.swift /Users/pp5x/Documents/Launcher/LauncherTests/LauncherTests.swift (in target 'LauncherTests' from project 'Launcher')

SwiftCompile normal arm64 /Users/pp5x/Documents/Launcher/LauncherTests/LauncherTests.swift (in target 'LauncherTests' from project 'Launcher')
    cd /Users/pp5x/Documents/Launcher
    

SwiftDriverJobDiscovery normal arm64 Emitting module for LauncherUITests (in target 'LauncherUITests' from project 'Launcher')

SwiftDriver\ Compilation\ Requirements LauncherUITests normal arm64 com.apple.xcode.tools.swift.compiler (in target 'LauncherUITests' from project 'Launcher')
    cd /Users/pp5x/Documents/Launcher
    builtin-Swift-Compilation-Requirements -- /Applications/Xcode.app/Contents/Developer/Toolchains/XcodeDefault.xctoolchain/usr/bin/swiftc -module-name LauncherUITests -Onone -enforce-exclusivity\=checked @/Users/pp5x/Library/Developer/Xcode/DerivedData/Launcher-cbzeuchggxsgdhbpecnphfgvguwc/Build/Intermediates.noindex/Launcher.build/Debug/LauncherUITests.build/Objects-normal/arm64/LauncherUITests.SwiftFileList -DDEBUG -module-alias Testing\=_Testing_Unavailable -plugin-path /Applications/Xcode.app/Contents/Developer/Toolchains/XcodeDefault.xctoolchain/usr/lib/swift/host/plugins/testing -enable-bare-slash-regex -enable-experimental-feature DebugDescriptionMacro -sdk /Applications/Xcode.app/Contents/Developer/Platforms/MacOSX.platform/Developer/SDKs/MacOSX15.5.sdk -target arm64-apple-macos15.5 -g -module-cache-path /Users/pp5x/Library/Developer/Xcode/DerivedData/ModuleCache.noindex -Xfrontend -serialize-debugging-options -profile-coverage-mapping -profile-generate -enable-testing -index-store-path /Users/pp5x/Library/Developer/Xcode/DerivedData/Launcher-cbzeuchggxsgdhbpecnphfgvguwc/Index.noindex/DataStore -swift-version 5 -I /Users/pp5x/Library/Developer/Xcode/DerivedData/Launcher-cbzeuchggxsgdhbpecnphfgvguwc/Build/Products/Debug -I /Applications/Xcode.app/Contents/Developer/Platforms/MacOSX.platform/Developer/usr/lib -F /Users/pp5x/Library/Developer/Xcode/DerivedData/Launcher-cbzeuchggxsgdhbpecnphfgvguwc/Build/Products/Debug -F /Applications/Xcode.app/Contents/Developer/Platforms/MacOSX.platform/Developer/Library/Frameworks -c -j8 -enable-batch-mode -incremental -Xcc -ivfsstatcache -Xcc /Users/pp5x/Library/Developer/Xcode/DerivedData/SDKStatCaches.noindex/macosx15.5-24F74-8254517eb8b97d462ccbc072ba9094c9.sdkstatcache -output-file-map /Users/pp5x/Library/Developer/Xcode/DerivedData/Launcher-cbzeuchggxsgdhbpecnphfgvguwc/Build/Intermediates.noindex/Launcher.build/Debug/LauncherUITests.build/Objects-normal/arm64/LauncherUITests-OutputFileMap.json -use-frontend-parseable-output -save-temps -no-color-diagnostics -serialize-diagnostics -emit-dependencies -emit-module -emit-module-path /Users/pp5x/Library/Developer/Xcode/DerivedData/Launcher-cbzeuchggxsgdhbpecnphfgvguwc/Build/Intermediates.noindex/Launcher.build/Debug/LauncherUITests.build/Objects-normal/arm64/LauncherUITests.swiftmodule -validate-clang-modules-once -clang-build-session-file /Users/pp5x/Library/Developer/Xcode/DerivedData/ModuleCache.noindex/Session.modulevalidation -Xcc -I/Users/pp5x/Library/Developer/Xcode/DerivedData/Launcher-cbzeuchggxsgdhbpecnphfgvguwc/Build/Intermediates.noindex/Launcher.build/Debug/LauncherUITests.build/swift-overrides.hmap -emit-const-values -Xfrontend -const-gather-protocols-file -Xfrontend /Users/pp5x/Library/Developer/Xcode/DerivedData/Launcher-cbzeuchggxsgdhbpecnphfgvguwc/Build/Intermediates.noindex/Launcher.build/Debug/LauncherUITests.build/Objects-normal/arm64/LauncherUITests_const_extract_protocols.json -Xcc -iquote -Xcc /Users/pp5x/Library/Developer/Xcode/DerivedData/Launcher-cbzeuchggxsgdhbpecnphfgvguwc/Build/Intermediates.noindex/Launcher.build/Debug/LauncherUITests.build/LauncherUITests-generated-files.hmap -Xcc -I/Users/pp5x/Library/Developer/Xcode/DerivedData/Launcher-cbzeuchggxsgdhbpecnphfgvguwc/Build/Intermediates.noindex/Launcher.build/Debug/LauncherUITests.build/LauncherUITests-own-target-headers.hmap -Xcc -I/Users/pp5x/Library/Developer/Xcode/DerivedData/Launcher-cbzeuchggxsgdhbpecnphfgvguwc/Build/Intermediates.noindex/Launcher.build/Debug/LauncherUITests.build/LauncherUITests-all-target-headers.hmap -Xcc -iquote -Xcc /Users/pp5x/Library/Developer/Xcode/DerivedData/Launcher-cbzeuchggxsgdhbpecnphfgvguwc/Build/Intermediates.noindex/Launcher.build/Debug/LauncherUITests.build/LauncherUITests-project-headers.hmap -Xcc -I/Users/pp5x/Library/Developer/Xcode/DerivedData/Launcher-cbzeuchggxsgdhbpecnphfgvguwc/Build/Products/Debug/include -Xcc -I/Users/pp5x/Library/Developer/Xcode/DerivedData/Launcher-cbzeuchggxsgdhbpecnphfgvguwc/Build/Intermediates.noindex/Launcher.build/Debug/LauncherUITests.build/DerivedSources-normal/arm64 -Xcc -I/Users/pp5x/Library/Developer/Xcode/DerivedData/Launcher-cbzeuchggxsgdhbpecnphfgvguwc/Build/Intermediates.noindex/Launcher.build/Debug/LauncherUITests.build/DerivedSources/arm64 -Xcc -I/Users/pp5x/Library/Developer/Xcode/DerivedData/Launcher-cbzeuchggxsgdhbpecnphfgvguwc/Build/Intermediates.noindex/Launcher.build/Debug/LauncherUITests.build/DerivedSources -Xcc -DDEBUG\=1 -emit-objc-header -emit-objc-header-path /Users/pp5x/Library/Developer/Xcode/DerivedData/Launcher-cbzeuchggxsgdhbpecnphfgvguwc/Build/Intermediates.noindex/Launcher.build/Debug/LauncherUITests.build/Objects-normal/arm64/LauncherUITests-Swift.h -working-directory /Users/pp5x/Documents/Launcher -experimental-emit-module-separately -disable-cmo

Copy /Users/pp5x/Library/Developer/Xcode/DerivedData/Launcher-cbzeuchggxsgdhbpecnphfgvguwc/Build/Products/Debug/LauncherUITests.swiftmodule/Project/arm64-apple-macos.swiftsourceinfo /Users/pp5x/Library/Developer/Xcode/DerivedData/Launcher-cbzeuchggxsgdhbpecnphfgvguwc/Build/Intermediates.noindex/Launcher.build/Debug/LauncherUITests.build/Objects-normal/arm64/LauncherUITests.swiftsourceinfo (in target 'LauncherUITests' from project 'Launcher')
    cd /Users/pp5x/Documents/Launcher
    builtin-copy -exclude .DS_Store -exclude CVS -exclude .svn -exclude .git -exclude .hg -resolve-src-symlinks -rename /Users/pp5x/Library/Developer/Xcode/DerivedData/Launcher-cbzeuchggxsgdhbpecnphfgvguwc/Build/Intermediates.noindex/Launcher.build/Debug/LauncherUITests.build/Objects-normal/arm64/LauncherUITests.swiftsourceinfo /Users/pp5x/Library/Developer/Xcode/DerivedData/Launcher-cbzeuchggxsgdhbpecnphfgvguwc/Build/Products/Debug/LauncherUITests.swiftmodule/Project/arm64-apple-macos.swiftsourceinfo

Copy /Users/pp5x/Library/Developer/Xcode/DerivedData/Launcher-cbzeuchggxsgdhbpecnphfgvguwc/Build/Products/Debug/LauncherUITests.swiftmodule/arm64-apple-macos.swiftmodule /Users/pp5x/Library/Developer/Xcode/DerivedData/Launcher-cbzeuchggxsgdhbpecnphfgvguwc/Build/Intermediates.noindex/Launcher.build/Debug/LauncherUITests.build/Objects-normal/arm64/LauncherUITests.swiftmodule (in target 'LauncherUITests' from project 'Launcher')
    cd /Users/pp5x/Documents/Launcher
    builtin-copy -exclude .DS_Store -exclude CVS -exclude .svn -exclude .git -exclude .hg -resolve-src-symlinks -rename /Users/pp5x/Library/Developer/Xcode/DerivedData/Launcher-cbzeuchggxsgdhbpecnphfgvguwc/Build/Intermediates.noindex/Launcher.build/Debug/LauncherUITests.build/Objects-normal/arm64/LauncherUITests.swiftmodule /Users/pp5x/Library/Developer/Xcode/DerivedData/Launcher-cbzeuchggxsgdhbpecnphfgvguwc/Build/Products/Debug/LauncherUITests.swiftmodule/arm64-apple-macos.swiftmodule

Copy /Users/pp5x/Library/Developer/Xcode/DerivedData/Launcher-cbzeuchggxsgdhbpecnphfgvguwc/Build/Products/Debug/LauncherUITests.swiftmodule/arm64-apple-macos.abi.json /Users/pp5x/Library/Developer/Xcode/DerivedData/Launcher-cbzeuchggxsgdhbpecnphfgvguwc/Build/Intermediates.noindex/Launcher.build/Debug/LauncherUITests.build/Objects-normal/arm64/LauncherUITests.abi.json (in target 'LauncherUITests' from project 'Launcher')
    cd /Users/pp5x/Documents/Launcher
    builtin-copy -exclude .DS_Store -exclude CVS -exclude .svn -exclude .git -exclude .hg -resolve-src-symlinks -rename /Users/pp5x/Library/Developer/Xcode/DerivedData/Launcher-cbzeuchggxsgdhbpecnphfgvguwc/Build/Intermediates.noindex/Launcher.build/Debug/LauncherUITests.build/Objects-normal/arm64/LauncherUITests.abi.json /Users/pp5x/Library/Developer/Xcode/DerivedData/Launcher-cbzeuchggxsgdhbpecnphfgvguwc/Build/Products/Debug/LauncherUITests.swiftmodule/arm64-apple-macos.abi.json

SwiftDriverJobDiscovery normal arm64 Emitting module for LauncherTests (in target 'LauncherTests' from project 'Launcher')

SwiftDriver\ Compilation\ Requirements LauncherTests normal arm64 com.apple.xcode.tools.swift.compiler (in target 'LauncherTests' from project 'Launcher')
    cd /Users/pp5x/Documents/Launcher
    builtin-Swift-Compilation-Requirements -- /Applications/Xcode.app/Contents/Developer/Toolchains/XcodeDefault.xctoolchain/usr/bin/swiftc -module-name LauncherTests -Onone -enforce-exclusivity\=checked @/Users/pp5x/Library/Developer/Xcode/DerivedData/Launcher-cbzeuchggxsgdhbpecnphfgvguwc/Build/Intermediates.noindex/Launcher.build/Debug/LauncherTests.build/Objects-normal/arm64/LauncherTests.SwiftFileList -DDEBUG -plugin-path /Applications/Xcode.app/Contents/Developer/Toolchains/XcodeDefault.xctoolchain/usr/lib/swift/host/plugins/testing -enable-bare-slash-regex -enable-experimental-feature DebugDescriptionMacro -sdk /Applications/Xcode.app/Contents/Developer/Platforms/MacOSX.platform/Developer/SDKs/MacOSX15.5.sdk -target arm64-apple-macos15.5 -g -module-cache-path /Users/pp5x/Library/Developer/Xcode/DerivedData/ModuleCache.noindex -Xfrontend -serialize-debugging-options -profile-coverage-mapping -profile-generate -enable-testing -index-store-path /Users/pp5x/Library/Developer/Xcode/DerivedData/Launcher-cbzeuchggxsgdhbpecnphfgvguwc/Index.noindex/DataStore -swift-version 5 -I /Users/pp5x/Library/Developer/Xcode/DerivedData/Launcher-cbzeuchggxsgdhbpecnphfgvguwc/Build/Products/Debug -I /Applications/Xcode.app/Contents/Developer/Platforms/MacOSX.platform/Developer/usr/lib -F /Users/pp5x/Library/Developer/Xcode/DerivedData/Launcher-cbzeuchggxsgdhbpecnphfgvguwc/Build/Products/Debug -F /Applications/Xcode.app/Contents/Developer/Platforms/MacOSX.platform/Developer/Library/Frameworks -parse-as-library -c -j8 -enable-batch-mode -incremental -Xcc -ivfsstatcache -Xcc /Users/pp5x/Library/Developer/Xcode/DerivedData/SDKStatCaches.noindex/macosx15.5-24F74-8254517eb8b97d462ccbc072ba9094c9.sdkstatcache -output-file-map /Users/pp5x/Library/Developer/Xcode/DerivedData/Launcher-cbzeuchggxsgdhbpecnphfgvguwc/Build/Intermediates.noindex/Launcher.build/Debug/LauncherTests.build/Objects-normal/arm64/LauncherTests-OutputFileMap.json -use-frontend-parseable-output -save-temps -no-color-diagnostics -serialize-diagnostics -emit-dependencies -emit-module -emit-module-path /Users/pp5x/Library/Developer/Xcode/DerivedData/Launcher-cbzeuchggxsgdhbpecnphfgvguwc/Build/Intermediates.noindex/Launcher.build/Debug/LauncherTests.build/Objects-normal/arm64/LauncherTests.swiftmodule -validate-clang-modules-once -clang-build-session-file /Users/pp5x/Library/Developer/Xcode/DerivedData/ModuleCache.noindex/Session.modulevalidation -Xcc -I/Users/pp5x/Library/Developer/Xcode/DerivedData/Launcher-cbzeuchggxsgdhbpecnphfgvguwc/Build/Intermediates.noindex/Launcher.build/Debug/LauncherTests.build/swift-overrides.hmap -emit-const-values -Xfrontend -const-gather-protocols-file -Xfrontend /Users/pp5x/Library/Developer/Xcode/DerivedData/Launcher-cbzeuchggxsgdhbpecnphfgvguwc/Build/Intermediates.noindex/Launcher.build/Debug/LauncherTests.build/Objects-normal/arm64/LauncherTests_const_extract_protocols.json -Xcc -iquote -Xcc /Users/pp5x/Library/Developer/Xcode/DerivedData/Launcher-cbzeuchggxsgdhbpecnphfgvguwc/Build/Intermediates.noindex/Launcher.build/Debug/LauncherTests.build/LauncherTests-generated-files.hmap -Xcc -I/Users/pp5x/Library/Developer/Xcode/DerivedData/Launcher-cbzeuchggxsgdhbpecnphfgvguwc/Build/Intermediates.noindex/Launcher.build/Debug/LauncherTests.build/LauncherTests-own-target-headers.hmap -Xcc -I/Users/pp5x/Library/Developer/Xcode/DerivedData/Launcher-cbzeuchggxsgdhbpecnphfgvguwc/Build/Intermediates.noindex/Launcher.build/Debug/LauncherTests.build/LauncherTests-all-target-headers.hmap -Xcc -iquote -Xcc /Users/pp5x/Library/Developer/Xcode/DerivedData/Launcher-cbzeuchggxsgdhbpecnphfgvguwc/Build/Intermediates.noindex/Launcher.build/Debug/LauncherTests.build/LauncherTests-project-headers.hmap -Xcc -I/Users/pp5x/Library/Developer/Xcode/DerivedData/Launcher-cbzeuchggxsgdhbpecnphfgvguwc/Build/Products/Debug/include -Xcc -I/Users/pp5x/Library/Developer/Xcode/DerivedData/Launcher-cbzeuchggxsgdhbpecnphfgvguwc/Build/Intermediates.noindex/Launcher.build/Debug/LauncherTests.build/DerivedSources-normal/arm64 -Xcc -I/Users/pp5x/Library/Developer/Xcode/DerivedData/Launcher-cbzeuchggxsgdhbpecnphfgvguwc/Build/Intermediates.noindex/Launcher.build/Debug/LauncherTests.build/DerivedSources/arm64 -Xcc -I/Users/pp5x/Library/Developer/Xcode/DerivedData/Launcher-cbzeuchggxsgdhbpecnphfgvguwc/Build/Intermediates.noindex/Launcher.build/Debug/LauncherTests.build/DerivedSources -Xcc -DDEBUG\=1 -emit-objc-header -emit-objc-header-path /Users/pp5x/Library/Developer/Xcode/DerivedData/Launcher-cbzeuchggxsgdhbpecnphfgvguwc/Build/Intermediates.noindex/Launcher.build/Debug/LauncherTests.build/Objects-normal/arm64/LauncherTests-Swift.h -working-directory /Users/pp5x/Documents/Launcher -experimental-emit-module-separately -disable-cmo

Copy /Users/pp5x/Library/Developer/Xcode/DerivedData/Launcher-cbzeuchggxsgdhbpecnphfgvguwc/Build/Products/Debug/LauncherTests.swiftmodule/Project/arm64-apple-macos.swiftsourceinfo /Users/pp5x/Library/Developer/Xcode/DerivedData/Launcher-cbzeuchggxsgdhbpecnphfgvguwc/Build/Intermediates.noindex/Launcher.build/Debug/LauncherTests.build/Objects-normal/arm64/LauncherTests.swiftsourceinfo (in target 'LauncherTests' from project 'Launcher')
    cd /Users/pp5x/Documents/Launcher
    builtin-copy -exclude .DS_Store -exclude CVS -exclude .svn -exclude .git -exclude .hg -resolve-src-symlinks -rename /Users/pp5x/Library/Developer/Xcode/DerivedData/Launcher-cbzeuchggxsgdhbpecnphfgvguwc/Build/Intermediates.noindex/Launcher.build/Debug/LauncherTests.build/Objects-normal/arm64/LauncherTests.swiftsourceinfo /Users/pp5x/Library/Developer/Xcode/DerivedData/Launcher-cbzeuchggxsgdhbpecnphfgvguwc/Build/Products/Debug/LauncherTests.swiftmodule/Project/arm64-apple-macos.swiftsourceinfo

Copy /Users/pp5x/Library/Developer/Xcode/DerivedData/Launcher-cbzeuchggxsgdhbpecnphfgvguwc/Build/Products/Debug/LauncherTests.swiftmodule/arm64-apple-macos.abi.json /Users/pp5x/Library/Developer/Xcode/DerivedData/Launcher-cbzeuchggxsgdhbpecnphfgvguwc/Build/Intermediates.noindex/Launcher.build/Debug/LauncherTests.build/Objects-normal/arm64/LauncherTests.abi.json (in target 'LauncherTests' from project 'Launcher')
    cd /Users/pp5x/Documents/Launcher
    builtin-copy -exclude .DS_Store -exclude CVS -exclude .svn -exclude .git -exclude .hg -resolve-src-symlinks -rename /Users/pp5x/Library/Developer/Xcode/DerivedData/Launcher-cbzeuchggxsgdhbpecnphfgvguwc/Build/Intermediates.noindex/Launcher.build/Debug/LauncherTests.build/Objects-normal/arm64/LauncherTests.abi.json /Users/pp5x/Library/Developer/Xcode/DerivedData/Launcher-cbzeuchggxsgdhbpecnphfgvguwc/Build/Products/Debug/LauncherTests.swiftmodule/arm64-apple-macos.abi.json

SwiftDriverJobDiscovery normal arm64 Compiling LauncherTests.swift (in target 'LauncherTests' from project 'Launcher')

SwiftDriver\ Compilation LauncherTests normal arm64 com.apple.xcode.tools.swift.compiler (in target 'LauncherTests' from project 'Launcher')
    cd /Users/pp5x/Documents/Launcher
    builtin-Swift-Compilation -- /Applications/Xcode.app/Contents/Developer/Toolchains/XcodeDefault.xctoolchain/usr/bin/swiftc -module-name LauncherTests -Onone -enforce-exclusivity\=checked @/Users/pp5x/Library/Developer/Xcode/DerivedData/Launcher-cbzeuchggxsgdhbpecnphfgvguwc/Build/Intermediates.noindex/Launcher.build/Debug/LauncherTests.build/Objects-normal/arm64/LauncherTests.SwiftFileList -DDEBUG -plugin-path /Applications/Xcode.app/Contents/Developer/Toolchains/XcodeDefault.xctoolchain/usr/lib/swift/host/plugins/testing -enable-bare-slash-regex -enable-experimental-feature DebugDescriptionMacro -sdk /Applications/Xcode.app/Contents/Developer/Platforms/MacOSX.platform/Developer/SDKs/MacOSX15.5.sdk -target arm64-apple-macos15.5 -g -module-cache-path /Users/pp5x/Library/Developer/Xcode/DerivedData/ModuleCache.noindex -Xfrontend -serialize-debugging-options -profile-coverage-mapping -profile-generate -enable-testing -index-store-path /Users/pp5x/Library/Developer/Xcode/DerivedData/Launcher-cbzeuchggxsgdhbpecnphfgvguwc/Index.noindex/DataStore -swift-version 5 -I /Users/pp5x/Library/Developer/Xcode/DerivedData/Launcher-cbzeuchggxsgdhbpecnphfgvguwc/Build/Products/Debug -I /Applications/Xcode.app/Contents/Developer/Platforms/MacOSX.platform/Developer/usr/lib -F /Users/pp5x/Library/Developer/Xcode/DerivedData/Launcher-cbzeuchggxsgdhbpecnphfgvguwc/Build/Products/Debug -F /Applications/Xcode.app/Contents/Developer/Platforms/MacOSX.platform/Developer/Library/Frameworks -parse-as-library -c -j8 -enable-batch-mode -incremental -Xcc -ivfsstatcache -Xcc /Users/pp5x/Library/Developer/Xcode/DerivedData/SDKStatCaches.noindex/macosx15.5-24F74-8254517eb8b97d462ccbc072ba9094c9.sdkstatcache -output-file-map /Users/pp5x/Library/Developer/Xcode/DerivedData/Launcher-cbzeuchggxsgdhbpecnphfgvguwc/Build/Intermediates.noindex/Launcher.build/Debug/LauncherTests.build/Objects-normal/arm64/LauncherTests-OutputFileMap.json -use-frontend-parseable-output -save-temps -no-color-diagnostics -serialize-diagnostics -emit-dependencies -emit-module -emit-module-path /Users/pp5x/Library/Developer/Xcode/DerivedData/Launcher-cbzeuchggxsgdhbpecnphfgvguwc/Build/Intermediates.noindex/Launcher.build/Debug/LauncherTests.build/Objects-normal/arm64/LauncherTests.swiftmodule -validate-clang-modules-once -clang-build-session-file /Users/pp5x/Library/Developer/Xcode/DerivedData/ModuleCache.noindex/Session.modulevalidation -Xcc -I/Users/pp5x/Library/Developer/Xcode/DerivedData/Launcher-cbzeuchggxsgdhbpecnphfgvguwc/Build/Intermediates.noindex/Launcher.build/Debug/LauncherTests.build/swift-overrides.hmap -emit-const-values -Xfrontend -const-gather-protocols-file -Xfrontend /Users/pp5x/Library/Developer/Xcode/DerivedData/Launcher-cbzeuchggxsgdhbpecnphfgvguwc/Build/Intermediates.noindex/Launcher.build/Debug/LauncherTests.build/Objects-normal/arm64/LauncherTests_const_extract_protocols.json -Xcc -iquote -Xcc /Users/pp5x/Library/Developer/Xcode/DerivedData/Launcher-cbzeuchggxsgdhbpecnphfgvguwc/Build/Intermediates.noindex/Launcher.build/Debug/LauncherTests.build/LauncherTests-generated-files.hmap -Xcc -I/Users/pp5x/Library/Developer/Xcode/DerivedData/Launcher-cbzeuchggxsgdhbpecnphfgvguwc/Build/Intermediates.noindex/Launcher.build/Debug/LauncherTests.build/LauncherTests-own-target-headers.hmap -Xcc -I/Users/pp5x/Library/Developer/Xcode/DerivedData/Launcher-cbzeuchggxsgdhbpecnphfgvguwc/Build/Intermediates.noindex/Launcher.build/Debug/LauncherTests.build/LauncherTests-all-target-headers.hmap -Xcc -iquote -Xcc /Users/pp5x/Library/Developer/Xcode/DerivedData/Launcher-cbzeuchggxsgdhbpecnphfgvguwc/Build/Intermediates.noindex/Launcher.build/Debug/LauncherTests.build/LauncherTests-project-headers.hmap -Xcc -I/Users/pp5x/Library/Developer/Xcode/DerivedData/Launcher-cbzeuchggxsgdhbpecnphfgvguwc/Build/Products/Debug/include -Xcc -I/Users/pp5x/Library/Developer/Xcode/DerivedData/Launcher-cbzeuchggxsgdhbpecnphfgvguwc/Build/Intermediates.noindex/Launcher.build/Debug/LauncherTests.build/DerivedSources-normal/arm64 -Xcc -I/Users/pp5x/Library/Developer/Xcode/DerivedData/Launcher-cbzeuchggxsgdhbpecnphfgvguwc/Build/Intermediates.noindex/Launcher.build/Debug/LauncherTests.build/DerivedSources/arm64 -Xcc -I/Users/pp5x/Library/Developer/Xcode/DerivedData/Launcher-cbzeuchggxsgdhbpecnphfgvguwc/Build/Intermediates.noindex/Launcher.build/Debug/LauncherTests.build/DerivedSources -Xcc -DDEBUG\=1 -emit-objc-header -emit-objc-header-path /Users/pp5x/Library/Developer/Xcode/DerivedData/Launcher-cbzeuchggxsgdhbpecnphfgvguwc/Build/Intermediates.noindex/Launcher.build/Debug/LauncherTests.build/Objects-normal/arm64/LauncherTests-Swift.h -working-directory /Users/pp5x/Documents/Launcher -experimental-emit-module-separately -disable-cmo

SwiftDriverJobDiscovery normal arm64 Compiling LauncherUITests.swift (in target 'LauncherUITests' from project 'Launcher')

SwiftDriver\ Compilation LauncherUITests normal arm64 com.apple.xcode.tools.swift.compiler (in target 'LauncherUITests' from project 'Launcher')
    cd /Users/pp5x/Documents/Launcher
    builtin-Swift-Compilation -- /Applications/Xcode.app/Contents/Developer/Toolchains/XcodeDefault.xctoolchain/usr/bin/swiftc -module-name LauncherUITests -Onone -enforce-exclusivity\=checked @/Users/pp5x/Library/Developer/Xcode/DerivedData/Launcher-cbzeuchggxsgdhbpecnphfgvguwc/Build/Intermediates.noindex/Launcher.build/Debug/LauncherUITests.build/Objects-normal/arm64/LauncherUITests.SwiftFileList -DDEBUG -module-alias Testing\=_Testing_Unavailable -plugin-path /Applications/Xcode.app/Contents/Developer/Toolchains/XcodeDefault.xctoolchain/usr/lib/swift/host/plugins/testing -enable-bare-slash-regex -enable-experimental-feature DebugDescriptionMacro -sdk /Applications/Xcode.app/Contents/Developer/Platforms/MacOSX.platform/Developer/SDKs/MacOSX15.5.sdk -target arm64-apple-macos15.5 -g -module-cache-path /Users/pp5x/Library/Developer/Xcode/DerivedData/ModuleCache.noindex -Xfrontend -serialize-debugging-options -profile-coverage-mapping -profile-generate -enable-testing -index-store-path /Users/pp5x/Library/Developer/Xcode/DerivedData/Launcher-cbzeuchggxsgdhbpecnphfgvguwc/Index.noindex/DataStore -swift-version 5 -I /Users/pp5x/Library/Developer/Xcode/DerivedData/Launcher-cbzeuchggxsgdhbpecnphfgvguwc/Build/Products/Debug -I /Applications/Xcode.app/Contents/Developer/Platforms/MacOSX.platform/Developer/usr/lib -F /Users/pp5x/Library/Developer/Xcode/DerivedData/Launcher-cbzeuchggxsgdhbpecnphfgvguwc/Build/Products/Debug -F /Applications/Xcode.app/Contents/Developer/Platforms/MacOSX.platform/Developer/Library/Frameworks -c -j8 -enable-batch-mode -incremental -Xcc -ivfsstatcache -Xcc /Users/pp5x/Library/Developer/Xcode/DerivedData/SDKStatCaches.noindex/macosx15.5-24F74-8254517eb8b97d462ccbc072ba9094c9.sdkstatcache -output-file-map /Users/pp5x/Library/Developer/Xcode/DerivedData/Launcher-cbzeuchggxsgdhbpecnphfgvguwc/Build/Intermediates.noindex/Launcher.build/Debug/LauncherUITests.build/Objects-normal/arm64/LauncherUITests-OutputFileMap.json -use-frontend-parseable-output -save-temps -no-color-diagnostics -serialize-diagnostics -emit-dependencies -emit-module -emit-module-path /Users/pp5x/Library/Developer/Xcode/DerivedData/Launcher-cbzeuchggxsgdhbpecnphfgvguwc/Build/Intermediates.noindex/Launcher.build/Debug/LauncherUITests.build/Objects-normal/arm64/LauncherUITests.swiftmodule -validate-clang-modules-once -clang-build-session-file /Users/pp5x/Library/Developer/Xcode/DerivedData/ModuleCache.noindex/Session.modulevalidation -Xcc -I/Users/pp5x/Library/Developer/Xcode/DerivedData/Launcher-cbzeuchggxsgdhbpecnphfgvguwc/Build/Intermediates.noindex/Launcher.build/Debug/LauncherUITests.build/swift-overrides.hmap -emit-const-values -Xfrontend -const-gather-protocols-file -Xfrontend /Users/pp5x/Library/Developer/Xcode/DerivedData/Launcher-cbzeuchggxsgdhbpecnphfgvguwc/Build/Intermediates.noindex/Launcher.build/Debug/LauncherUITests.build/Objects-normal/arm64/LauncherUITests_const_extract_protocols.json -Xcc -iquote -Xcc /Users/pp5x/Library/Developer/Xcode/DerivedData/Launcher-cbzeuchggxsgdhbpecnphfgvguwc/Build/Intermediates.noindex/Launcher.build/Debug/LauncherUITests.build/LauncherUITests-generated-files.hmap -Xcc -I/Users/pp5x/Library/Developer/Xcode/DerivedData/Launcher-cbzeuchggxsgdhbpecnphfgvguwc/Build/Intermediates.noindex/Launcher.build/Debug/LauncherUITests.build/LauncherUITests-own-target-headers.hmap -Xcc -I/Users/pp5x/Library/Developer/Xcode/DerivedData/Launcher-cbzeuchggxsgdhbpecnphfgvguwc/Build/Intermediates.noindex/Launcher.build/Debug/LauncherUITests.build/LauncherUITests-all-target-headers.hmap -Xcc -iquote -Xcc /Users/pp5x/Library/Developer/Xcode/DerivedData/Launcher-cbzeuchggxsgdhbpecnphfgvguwc/Build/Intermediates.noindex/Launcher.build/Debug/LauncherUITests.build/LauncherUITests-project-headers.hmap -Xcc -I/Users/pp5x/Library/Developer/Xcode/DerivedData/Launcher-cbzeuchggxsgdhbpecnphfgvguwc/Build/Products/Debug/include -Xcc -I/Users/pp5x/Library/Developer/Xcode/DerivedData/Launcher-cbzeuchggxsgdhbpecnphfgvguwc/Build/Intermediates.noindex/Launcher.build/Debug/LauncherUITests.build/DerivedSources-normal/arm64 -Xcc -I/Users/pp5x/Library/Developer/Xcode/DerivedData/Launcher-cbzeuchggxsgdhbpecnphfgvguwc/Build/Intermediates.noindex/Launcher.build/Debug/LauncherUITests.build/DerivedSources/arm64 -Xcc -I/Users/pp5x/Library/Developer/Xcode/DerivedData/Launcher-cbzeuchggxsgdhbpecnphfgvguwc/Build/Intermediates.noindex/Launcher.build/Debug/LauncherUITests.build/DerivedSources -Xcc -DDEBUG\=1 -emit-objc-header -emit-objc-header-path /Users/pp5x/Library/Developer/Xcode/DerivedData/Launcher-cbzeuchggxsgdhbpecnphfgvguwc/Build/Intermediates.noindex/Launcher.build/Debug/LauncherUITests.build/Objects-normal/arm64/LauncherUITests-Swift.h -working-directory /Users/pp5x/Documents/Launcher -experimental-emit-module-separately -disable-cmo

Ld /Users/pp5x/Library/Developer/Xcode/DerivedData/Launcher-cbzeuchggxsgdhbpecnphfgvguwc/Build/Products/Debug/Launcher.app/Contents/PlugIns/LauncherTests.xctest/Contents/MacOS/LauncherTests normal (in target 'LauncherTests' from project 'Launcher')
    cd /Users/pp5x/Documents/Launcher
    /Applications/Xcode.app/Contents/Developer/Toolchains/XcodeDefault.xctoolchain/usr/bin/clang -Xlinker -reproducible -target arm64-apple-macos15.5 -bundle -isysroot /Applications/Xcode.app/Contents/Developer/Platforms/MacOSX.platform/Developer/SDKs/MacOSX15.5.sdk -O0 -L/Users/pp5x/Library/Developer/Xcode/DerivedData/Launcher-cbzeuchggxsgdhbpecnphfgvguwc/Build/Intermediates.noindex/EagerLinkingTBDs/Debug -L/Users/pp5x/Library/Developer/Xcode/DerivedData/Launcher-cbzeuchggxsgdhbpecnphfgvguwc/Build/Products/Debug -L/Applications/Xcode.app/Contents/Developer/Platforms/MacOSX.platform/Developer/usr/lib -F/Users/pp5x/Library/Developer/Xcode/DerivedData/Launcher-cbzeuchggxsgdhbpecnphfgvguwc/Build/Intermediates.noindex/EagerLinkingTBDs/Debug -F/Users/pp5x/Library/Developer/Xcode/DerivedData/Launcher-cbzeuchggxsgdhbpecnphfgvguwc/Build/Products/Debug -iframework /Applications/Xcode.app/Contents/Developer/Platforms/MacOSX.platform/Developer/Library/Frameworks -filelist /Users/pp5x/Library/Developer/Xcode/DerivedData/Launcher-cbzeuchggxsgdhbpecnphfgvguwc/Build/Intermediates.noindex/Launcher.build/Debug/LauncherTests.build/Objects-normal/arm64/LauncherTests.LinkFileList -Xlinker -rpath -Xlinker @loader_path/../Frameworks -Xlinker -rpath -Xlinker @executable_path/../Frameworks -bundle_loader /Users/pp5x/Library/Developer/Xcode/DerivedData/Launcher-cbzeuchggxsgdhbpecnphfgvguwc/Build/Products/Debug/Launcher.app/Contents/MacOS/Launcher -Xlinker -object_path_lto -Xlinker /Users/pp5x/Library/Developer/Xcode/DerivedData/Launcher-cbzeuchggxsgdhbpecnphfgvguwc/Build/Intermediates.noindex/Launcher.build/Debug/LauncherTests.build/Objects-normal/arm64/LauncherTests_lto.o -rdynamic -Xlinker -no_deduplicate -Xlinker -debug_variant -Xlinker -dependency_info -Xlinker /Users/pp5x/Library/Developer/Xcode/DerivedData/Launcher-cbzeuchggxsgdhbpecnphfgvguwc/Build/Intermediates.noindex/Launcher.build/Debug/LauncherTests.build/Objects-normal/arm64/LauncherTests_dependency_info.dat -fobjc-link-runtime -fprofile-instr-generate -L/Applications/Xcode.app/Contents/Developer/Toolchains/XcodeDefault.xctoolchain/usr/lib/swift/macosx -L/usr/lib/swift -Xlinker -add_ast_path -Xlinker /Users/pp5x/Library/Developer/Xcode/DerivedData/Launcher-cbzeuchggxsgdhbpecnphfgvguwc/Build/Intermediates.noindex/Launcher.build/Debug/LauncherTests.build/Objects-normal/arm64/LauncherTests.swiftmodule -framework XCTest -lXCTestSwiftSupport /Users/pp5x/Library/Developer/Xcode/DerivedData/Launcher-cbzeuchggxsgdhbpecnphfgvguwc/Build/Products/Debug/Launcher.app/Contents/MacOS/Launcher.debug.dylib -Xlinker -no_adhoc_codesign -o /Users/pp5x/Library/Developer/Xcode/DerivedData/Launcher-cbzeuchggxsgdhbpecnphfgvguwc/Build/Products/Debug/Launcher.app/Contents/PlugIns/LauncherTests.xctest/Contents/MacOS/LauncherTests

CopySwiftLibs /Users/pp5x/Library/Developer/Xcode/DerivedData/Launcher-cbzeuchggxsgdhbpecnphfgvguwc/Build/Products/Debug/Launcher.app/Contents/PlugIns/LauncherTests.xctest (in target 'LauncherTests' from project 'Launcher')
    cd /Users/pp5x/Documents/Launcher
    builtin-swiftStdLibTool --copy --verbose --sign - --scan-executable /Users/pp5x/Library/Developer/Xcode/DerivedData/Launcher-cbzeuchggxsgdhbpecnphfgvguwc/Build/Products/Debug/Launcher.app/Contents/PlugIns/LauncherTests.xctest/Contents/MacOS/LauncherTests --scan-folder /Users/pp5x/Library/Developer/Xcode/DerivedData/Launcher-cbzeuchggxsgdhbpecnphfgvguwc/Build/Products/Debug/Launcher.app/Contents/PlugIns/LauncherTests.xctest/Contents/Frameworks --scan-folder /Users/pp5x/Library/Developer/Xcode/DerivedData/Launcher-cbzeuchggxsgdhbpecnphfgvguwc/Build/Products/Debug/Launcher.app/Contents/PlugIns/LauncherTests.xctest/Contents/PlugIns --scan-folder /Users/pp5x/Library/Developer/Xcode/DerivedData/Launcher-cbzeuchggxsgdhbpecnphfgvguwc/Build/Products/Debug/Launcher.app/Contents/PlugIns/LauncherTests.xctest/Contents/Library/SystemExtensions --scan-folder /Users/pp5x/Library/Developer/Xcode/DerivedData/Launcher-cbzeuchggxsgdhbpecnphfgvguwc/Build/Products/Debug/Launcher.app/Contents/PlugIns/LauncherTests.xctest/Contents/Extensions --platform macosx --toolchain /Applications/Xcode.app/Contents/Developer/Toolchains/XcodeDefault.xctoolchain --destination /Users/pp5x/Library/Developer/Xcode/DerivedData/Launcher-cbzeuchggxsgdhbpecnphfgvguwc/Build/Products/Debug/Launcher.app/Contents/PlugIns/LauncherTests.xctest/Contents/Frameworks --strip-bitcode --scan-executable /Applications/Xcode.app/Contents/Developer/Platforms/MacOSX.platform/Developer/usr/lib/libXCTestSwiftSupport.dylib --strip-bitcode-tool /Applications/Xcode.app/Contents/Developer/Toolchains/XcodeDefault.xctoolchain/usr/bin/bitcode_strip --emit-dependency-info /Users/pp5x/Library/Developer/Xcode/DerivedData/Launcher-cbzeuchggxsgdhbpecnphfgvguwc/Build/Intermediates.noindex/Launcher.build/Debug/LauncherTests.build/SwiftStdLibToolInputDependencies.dep --filter-for-swift-os

ExtractAppIntentsMetadata (in target 'LauncherTests' from project 'Launcher')
    cd /Users/pp5x/Documents/Launcher
    /Applications/Xcode.app/Contents/Developer/Toolchains/XcodeDefault.xctoolchain/usr/bin/appintentsmetadataprocessor --toolchain-dir /Applications/Xcode.app/Contents/Developer/Toolchains/XcodeDefault.xctoolchain --module-name LauncherTests --sdk-root /Applications/Xcode.app/Contents/Developer/Platforms/MacOSX.platform/Developer/SDKs/MacOSX15.5.sdk --xcode-version 16F6 --platform-family macOS --deployment-target 15.5 --bundle-identifier com.pp5x.LauncherTests --output /Users/pp5x/Library/Developer/Xcode/DerivedData/Launcher-cbzeuchggxsgdhbpecnphfgvguwc/Build/Products/Debug/Launcher.app/Contents/PlugIns/LauncherTests.xctest/Contents/Resources --target-triple arm64-apple-macos15.5 --binary-file /Users/pp5x/Library/Developer/Xcode/DerivedData/Launcher-cbzeuchggxsgdhbpecnphfgvguwc/Build/Products/Debug/Launcher.app/Contents/PlugIns/LauncherTests.xctest/Contents/MacOS/LauncherTests --dependency-file /Users/pp5x/Library/Developer/Xcode/DerivedData/Launcher-cbzeuchggxsgdhbpecnphfgvguwc/Build/Intermediates.noindex/Launcher.build/Debug/LauncherTests.build/Objects-normal/arm64/LauncherTests_dependency_info.dat --stringsdata-file /Users/pp5x/Library/Developer/Xcode/DerivedData/Launcher-cbzeuchggxsgdhbpecnphfgvguwc/Build/Intermediates.noindex/Launcher.build/Debug/LauncherTests.build/Objects-normal/arm64/ExtractedAppShortcutsMetadata.stringsdata --source-file-list /Users/pp5x/Library/Developer/Xcode/DerivedData/Launcher-cbzeuchggxsgdhbpecnphfgvguwc/Build/Intermediates.noindex/Launcher.build/Debug/LauncherTests.build/Objects-normal/arm64/LauncherTests.SwiftFileList --metadata-file-list /Users/pp5x/Library/Developer/Xcode/DerivedData/Launcher-cbzeuchggxsgdhbpecnphfgvguwc/Build/Intermediates.noindex/Launcher.build/Debug/LauncherTests.build/LauncherTests.DependencyMetadataFileList --static-metadata-file-list /Users/pp5x/Library/Developer/Xcode/DerivedData/Launcher-cbzeuchggxsgdhbpecnphfgvguwc/Build/Intermediates.noindex/Launcher.build/Debug/LauncherTests.build/LauncherTests.DependencyStaticMetadataFileList --swift-const-vals-list /Users/pp5x/Library/Developer/Xcode/DerivedData/Launcher-cbzeuchggxsgdhbpecnphfgvguwc/Build/Intermediates.noindex/Launcher.build/Debug/LauncherTests.build/Objects-normal/arm64/LauncherTests.SwiftConstValuesFileList --compile-time-extraction --deployment-aware-processing --validate-assistant-intents --no-app-shortcuts-localization
2025-06-24 22:43:27.558 appintentsmetadataprocessor[44871:1501458] Starting appintentsmetadataprocessor export
2025-06-24 22:43:27.559 appintentsmetadataprocessor[44871:1501458] warning: Metadata extraction skipped. No AppIntents.framework dependency found.

CodeSign /Users/pp5x/Library/Developer/Xcode/DerivedData/Launcher-cbzeuchggxsgdhbpecnphfgvguwc/Build/Products/Debug/Launcher.app/Contents/PlugIns/LauncherTests.xctest (in target 'LauncherTests' from project 'Launcher')
    cd /Users/pp5x/Documents/Launcher
    
    Signing Identity:     "Sign to Run Locally"
    
    /usr/bin/codesign --force --sign - --timestamp\=none --generate-entitlement-der /Users/pp5x/Library/Developer/Xcode/DerivedData/Launcher-cbzeuchggxsgdhbpecnphfgvguwc/Build/Products/Debug/Launcher.app/Contents/PlugIns/LauncherTests.xctest

CodeSign /Users/pp5x/Library/Developer/Xcode/DerivedData/Launcher-cbzeuchggxsgdhbpecnphfgvguwc/Build/Products/Debug/Launcher.app/Contents/MacOS/Launcher.debug.dylib (in target 'Launcher' from project 'Launcher')
    cd /Users/pp5x/Documents/Launcher
    
    Signing Identity:     "Sign to Run Locally"
    
    /usr/bin/codesign --force --sign - --timestamp\=none --generate-entitlement-der /Users/pp5x/Library/Developer/Xcode/DerivedData/Launcher-cbzeuchggxsgdhbpecnphfgvguwc/Build/Products/Debug/Launcher.app/Contents/MacOS/Launcher.debug.dylib
/Users/pp5x/Library/Developer/Xcode/DerivedData/Launcher-cbzeuchggxsgdhbpecnphfgvguwc/Build/Products/Debug/Launcher.app/Contents/MacOS/Launcher.debug.dylib: replacing existing signature

CodeSign /Users/pp5x/Library/Developer/Xcode/DerivedData/Launcher-cbzeuchggxsgdhbpecnphfgvguwc/Build/Products/Debug/Launcher.app/Contents/MacOS/__preview.dylib (in target 'Launcher' from project 'Launcher')
    cd /Users/pp5x/Documents/Launcher
    
    Signing Identity:     "Sign to Run Locally"
    
    /usr/bin/codesign --force --sign - --timestamp\=none --generate-entitlement-der /Users/pp5x/Library/Developer/Xcode/DerivedData/Launcher-cbzeuchggxsgdhbpecnphfgvguwc/Build/Products/Debug/Launcher.app/Contents/MacOS/__preview.dylib
/Users/pp5x/Library/Developer/Xcode/DerivedData/Launcher-cbzeuchggxsgdhbpecnphfgvguwc/Build/Products/Debug/Launcher.app/Contents/MacOS/__preview.dylib: replacing existing signature

CodeSign /Users/pp5x/Library/Developer/Xcode/DerivedData/Launcher-cbzeuchggxsgdhbpecnphfgvguwc/Build/Products/Debug/Launcher.app (in target 'Launcher' from project 'Launcher')
    cd /Users/pp5x/Documents/Launcher
    
    Signing Identity:     "Sign to Run Locally"
    
    /usr/bin/codesign --force --sign - --entitlements /Users/pp5x/Library/Developer/Xcode/DerivedData/Launcher-cbzeuchggxsgdhbpecnphfgvguwc/Build/Intermediates.noindex/Launcher.build/Debug/Launcher.build/Launcher.app.xcent --timestamp\=none --generate-entitlement-der /Users/pp5x/Library/Developer/Xcode/DerivedData/Launcher-cbzeuchggxsgdhbpecnphfgvguwc/Build/Products/Debug/Launcher.app
/Users/pp5x/Library/Developer/Xcode/DerivedData/Launcher-cbzeuchggxsgdhbpecnphfgvguwc/Build/Products/Debug/Launcher.app: replacing existing signature

Validate /Users/pp5x/Library/Developer/Xcode/DerivedData/Launcher-cbzeuchggxsgdhbpecnphfgvguwc/Build/Products/Debug/Launcher.app (in target 'Launcher' from project 'Launcher')
    cd /Users/pp5x/Documents/Launcher
    builtin-validationUtility /Users/pp5x/Library/Developer/Xcode/DerivedData/Launcher-cbzeuchggxsgdhbpecnphfgvguwc/Build/Products/Debug/Launcher.app -no-validate-extension -infoplist-subpath Contents/Info.plist

RegisterWithLaunchServices /Users/pp5x/Library/Developer/Xcode/DerivedData/Launcher-cbzeuchggxsgdhbpecnphfgvguwc/Build/Products/Debug/Launcher.app (in target 'Launcher' from project 'Launcher')
    cd /Users/pp5x/Documents/Launcher
    /System/Library/Frameworks/CoreServices.framework/Versions/Current/Frameworks/LaunchServices.framework/Versions/Current/Support/lsregister -f -R -trusted /Users/pp5x/Library/Developer/Xcode/DerivedData/Launcher-cbzeuchggxsgdhbpecnphfgvguwc/Build/Products/Debug/Launcher.app

Ld /Users/pp5x/Library/Developer/Xcode/DerivedData/Launcher-cbzeuchggxsgdhbpecnphfgvguwc/Build/Products/Debug/LauncherUITests-Runner.app/Contents/PlugIns/LauncherUITests.xctest/Contents/MacOS/LauncherUITests normal (in target 'LauncherUITests' from project 'Launcher')
    cd /Users/pp5x/Documents/Launcher
    /Applications/Xcode.app/Contents/Developer/Toolchains/XcodeDefault.xctoolchain/usr/bin/clang -Xlinker -reproducible -target arm64-apple-macos15.5 -bundle -isysroot /Applications/Xcode.app/Contents/Developer/Platforms/MacOSX.platform/Developer/SDKs/MacOSX15.5.sdk -O0 -L/Users/pp5x/Library/Developer/Xcode/DerivedData/Launcher-cbzeuchggxsgdhbpecnphfgvguwc/Build/Intermediates.noindex/EagerLinkingTBDs/Debug -L/Users/pp5x/Library/Developer/Xcode/DerivedData/Launcher-cbzeuchggxsgdhbpecnphfgvguwc/Build/Products/Debug -L/Applications/Xcode.app/Contents/Developer/Platforms/MacOSX.platform/Developer/usr/lib -F/Users/pp5x/Library/Developer/Xcode/DerivedData/Launcher-cbzeuchggxsgdhbpecnphfgvguwc/Build/Intermediates.noindex/EagerLinkingTBDs/Debug -F/Users/pp5x/Library/Developer/Xcode/DerivedData/Launcher-cbzeuchggxsgdhbpecnphfgvguwc/Build/Products/Debug -iframework /Applications/Xcode.app/Contents/Developer/Platforms/MacOSX.platform/Developer/Library/Frameworks -filelist /Users/pp5x/Library/Developer/Xcode/DerivedData/Launcher-cbzeuchggxsgdhbpecnphfgvguwc/Build/Intermediates.noindex/Launcher.build/Debug/LauncherUITests.build/Objects-normal/arm64/LauncherUITests.LinkFileList -Xlinker -rpath -Xlinker @loader_path/../Frameworks -Xlinker -object_path_lto -Xlinker /Users/pp5x/Library/Developer/Xcode/DerivedData/Launcher-cbzeuchggxsgdhbpecnphfgvguwc/Build/Intermediates.noindex/Launcher.build/Debug/LauncherUITests.build/Objects-normal/arm64/LauncherUITests_lto.o -rdynamic -Xlinker -no_deduplicate -Xlinker -debug_variant -Xlinker -dependency_info -Xlinker /Users/pp5x/Library/Developer/Xcode/DerivedData/Launcher-cbzeuchggxsgdhbpecnphfgvguwc/Build/Intermediates.noindex/Launcher.build/Debug/LauncherUITests.build/Objects-normal/arm64/LauncherUITests_dependency_info.dat -fobjc-link-runtime -fprofile-instr-generate -L/Applications/Xcode.app/Contents/Developer/Toolchains/XcodeDefault.xctoolchain/usr/lib/swift/macosx -L/usr/lib/swift -Xlinker -add_ast_path -Xlinker /Users/pp5x/Library/Developer/Xcode/DerivedData/Launcher-cbzeuchggxsgdhbpecnphfgvguwc/Build/Intermediates.noindex/Launcher.build/Debug/LauncherUITests.build/Objects-normal/arm64/LauncherUITests.swiftmodule -framework XCTest -lXCTestSwiftSupport -Xlinker -no_adhoc_codesign -o /Users/pp5x/Library/Developer/Xcode/DerivedData/Launcher-cbzeuchggxsgdhbpecnphfgvguwc/Build/Products/Debug/LauncherUITests-Runner.app/Contents/PlugIns/LauncherUITests.xctest/Contents/MacOS/LauncherUITests

ProcessInfoPlistFile /Users/pp5x/Library/Developer/Xcode/DerivedData/Launcher-cbzeuchggxsgdhbpecnphfgvguwc/Build/Products/Debug/LauncherUITests-Runner.app/Contents/PlugIns/LauncherUITests.xctest/Contents/Info.plist /Users/pp5x/Library/Developer/Xcode/DerivedData/Launcher-cbzeuchggxsgdhbpecnphfgvguwc/Build/Intermediates.noindex/Launcher.build/Debug/LauncherUITests.build/empty-LauncherUITests.plist (in target 'LauncherUITests' from project 'Launcher')
    cd /Users/pp5x/Documents/Launcher
    builtin-infoPlistUtility /Users/pp5x/Library/Developer/Xcode/DerivedData/Launcher-cbzeuchggxsgdhbpecnphfgvguwc/Build/Intermediates.noindex/Launcher.build/Debug/LauncherUITests.build/empty-LauncherUITests.plist -producttype com.apple.product-type.bundle.ui-testing -expandbuildsettings -platform macosx -additionalcontentfile /Users/pp5x/Library/Developer/Xcode/DerivedData/Launcher-cbzeuchggxsgdhbpecnphfgvguwc/Build/Intermediates.noindex/Launcher.build/Debug/LauncherUITests.build/ProductTypeInfoPlistAdditions.plist -o /Users/pp5x/Library/Developer/Xcode/DerivedData/Launcher-cbzeuchggxsgdhbpecnphfgvguwc/Build/Products/Debug/LauncherUITests-Runner.app/Contents/PlugIns/LauncherUITests.xctest/Contents/Info.plist

CopySwiftLibs /Users/pp5x/Library/Developer/Xcode/DerivedData/Launcher-cbzeuchggxsgdhbpecnphfgvguwc/Build/Products/Debug/LauncherUITests-Runner.app/Contents/PlugIns/LauncherUITests.xctest (in target 'LauncherUITests' from project 'Launcher')
    cd /Users/pp5x/Documents/Launcher
    builtin-swiftStdLibTool --copy --verbose --sign - --scan-executable /Users/pp5x/Library/Developer/Xcode/DerivedData/Launcher-cbzeuchggxsgdhbpecnphfgvguwc/Build/Products/Debug/LauncherUITests-Runner.app/Contents/PlugIns/LauncherUITests.xctest/Contents/MacOS/LauncherUITests --scan-folder /Users/pp5x/Library/Developer/Xcode/DerivedData/Launcher-cbzeuchggxsgdhbpecnphfgvguwc/Build/Products/Debug/LauncherUITests-Runner.app/Contents/PlugIns/LauncherUITests.xctest/Contents/Frameworks --scan-folder /Users/pp5x/Library/Developer/Xcode/DerivedData/Launcher-cbzeuchggxsgdhbpecnphfgvguwc/Build/Products/Debug/LauncherUITests-Runner.app/Contents/PlugIns/LauncherUITests.xctest/Contents/PlugIns --scan-folder /Users/pp5x/Library/Developer/Xcode/DerivedData/Launcher-cbzeuchggxsgdhbpecnphfgvguwc/Build/Products/Debug/LauncherUITests-Runner.app/Contents/PlugIns/LauncherUITests.xctest/Contents/Library/SystemExtensions --scan-folder /Users/pp5x/Library/Developer/Xcode/DerivedData/Launcher-cbzeuchggxsgdhbpecnphfgvguwc/Build/Products/Debug/LauncherUITests-Runner.app/Contents/PlugIns/LauncherUITests.xctest/Contents/Extensions --platform macosx --toolchain /Applications/Xcode.app/Contents/Developer/Toolchains/XcodeDefault.xctoolchain --destination /Users/pp5x/Library/Developer/Xcode/DerivedData/Launcher-cbzeuchggxsgdhbpecnphfgvguwc/Build/Products/Debug/LauncherUITests-Runner.app/Contents/PlugIns/LauncherUITests.xctest/Contents/Frameworks --strip-bitcode --scan-executable /Applications/Xcode.app/Contents/Developer/Platforms/MacOSX.platform/Developer/usr/lib/libXCTestSwiftSupport.dylib --strip-bitcode-tool /Applications/Xcode.app/Contents/Developer/Toolchains/XcodeDefault.xctoolchain/usr/bin/bitcode_strip --emit-dependency-info /Users/pp5x/Library/Developer/Xcode/DerivedData/Launcher-cbzeuchggxsgdhbpecnphfgvguwc/Build/Intermediates.noindex/Launcher.build/Debug/LauncherUITests.build/SwiftStdLibToolInputDependencies.dep --filter-for-swift-os

ExtractAppIntentsMetadata (in target 'LauncherUITests' from project 'Launcher')
    cd /Users/pp5x/Documents/Launcher
    /Applications/Xcode.app/Contents/Developer/Toolchains/XcodeDefault.xctoolchain/usr/bin/appintentsmetadataprocessor --toolchain-dir /Applications/Xcode.app/Contents/Developer/Toolchains/XcodeDefault.xctoolchain --module-name LauncherUITests --sdk-root /Applications/Xcode.app/Contents/Developer/Platforms/MacOSX.platform/Developer/SDKs/MacOSX15.5.sdk --xcode-version 16F6 --platform-family macOS --deployment-target 15.5 --bundle-identifier com.pp5x.LauncherUITests --output /Users/pp5x/Library/Developer/Xcode/DerivedData/Launcher-cbzeuchggxsgdhbpecnphfgvguwc/Build/Products/Debug/LauncherUITests-Runner.app/Contents/PlugIns/LauncherUITests.xctest/Contents/Resources --target-triple arm64-apple-macos15.5 --binary-file /Users/pp5x/Library/Developer/Xcode/DerivedData/Launcher-cbzeuchggxsgdhbpecnphfgvguwc/Build/Products/Debug/LauncherUITests-Runner.app/Contents/PlugIns/LauncherUITests.xctest/Contents/MacOS/LauncherUITests --dependency-file /Users/pp5x/Library/Developer/Xcode/DerivedData/Launcher-cbzeuchggxsgdhbpecnphfgvguwc/Build/Intermediates.noindex/Launcher.build/Debug/LauncherUITests.build/Objects-normal/arm64/LauncherUITests_dependency_info.dat --stringsdata-file /Users/pp5x/Library/Developer/Xcode/DerivedData/Launcher-cbzeuchggxsgdhbpecnphfgvguwc/Build/Intermediates.noindex/Launcher.build/Debug/LauncherUITests.build/Objects-normal/arm64/ExtractedAppShortcutsMetadata.stringsdata --source-file-list /Users/pp5x/Library/Developer/Xcode/DerivedData/Launcher-cbzeuchggxsgdhbpecnphfgvguwc/Build/Intermediates.noindex/Launcher.build/Debug/LauncherUITests.build/Objects-normal/arm64/LauncherUITests.SwiftFileList --metadata-file-list /Users/pp5x/Library/Developer/Xcode/DerivedData/Launcher-cbzeuchggxsgdhbpecnphfgvguwc/Build/Intermediates.noindex/Launcher.build/Debug/LauncherUITests.build/LauncherUITests.DependencyMetadataFileList --static-metadata-file-list /Users/pp5x/Library/Developer/Xcode/DerivedData/Launcher-cbzeuchggxsgdhbpecnphfgvguwc/Build/Intermediates.noindex/Launcher.build/Debug/LauncherUITests.build/LauncherUITests.DependencyStaticMetadataFileList --swift-const-vals-list /Users/pp5x/Library/Developer/Xcode/DerivedData/Launcher-cbzeuchggxsgdhbpecnphfgvguwc/Build/Intermediates.noindex/Launcher.build/Debug/LauncherUITests.build/Objects-normal/arm64/LauncherUITests.SwiftConstValuesFileList --compile-time-extraction --deployment-aware-processing --validate-assistant-intents --no-app-shortcuts-localization
2025-06-24 22:43:27.765 appintentsmetadataprocessor[44880:1501534] Starting appintentsmetadataprocessor export
2025-06-24 22:43:27.767 appintentsmetadataprocessor[44880:1501534] warning: Metadata extraction skipped. No AppIntents.framework dependency found.

CodeSign /Users/pp5x/Library/Developer/Xcode/DerivedData/Launcher-cbzeuchggxsgdhbpecnphfgvguwc/Build/Products/Debug/LauncherUITests-Runner.app/Contents/PlugIns/LauncherUITests.xctest (in target 'LauncherUITests' from project 'Launcher')
    cd /Users/pp5x/Documents/Launcher
    
    Signing Identity:     "Sign to Run Locally"
    
    /usr/bin/codesign --force --sign - --entitlements /Users/pp5x/Library/Developer/Xcode/DerivedData/Launcher-cbzeuchggxsgdhbpecnphfgvguwc/Build/Intermediates.noindex/Launcher.build/Debug/LauncherUITests.build/LauncherUITests.xctest.xcent --timestamp\=none --generate-entitlement-der /Users/pp5x/Library/Developer/Xcode/DerivedData/Launcher-cbzeuchggxsgdhbpecnphfgvguwc/Build/Products/Debug/LauncherUITests-Runner.app/Contents/PlugIns/LauncherUITests.xctest

CodeSign /Users/pp5x/Library/Developer/Xcode/DerivedData/Launcher-cbzeuchggxsgdhbpecnphfgvguwc/Build/Products/Debug/LauncherUITests-Runner.app (in target 'LauncherUITests' from project 'Launcher')
    cd /Users/pp5x/Documents/Launcher
    
    Signing Identity:     "Sign to Run Locally"
    
    /usr/bin/codesign --force --sign - --entitlements /Users/pp5x/Library/Developer/Xcode/DerivedData/Launcher-cbzeuchggxsgdhbpecnphfgvguwc/Build/Intermediates.noindex/Launcher.build/Debug/LauncherUITests.build/LauncherUITests.xctest.xcent --timestamp\=none --generate-entitlement-der /Users/pp5x/Library/Developer/Xcode/DerivedData/Launcher-cbzeuchggxsgdhbpecnphfgvguwc/Build/Products/Debug/LauncherUITests-Runner.app
/Users/pp5x/Library/Developer/Xcode/DerivedData/Launcher-cbzeuchggxsgdhbpecnphfgvguwc/Build/Products/Debug/LauncherUITests-Runner.app: replacing existing signature

2025-06-24 22:43:36.314218+0200 LauncherUITests-Runner[44894:1502204] [Default] Running tests...
Test Suite 'All tests' started at 2025-06-24 22:43:39.287.
Test Suite 'LauncherUITests.xctest' started at 2025-06-24 22:43:39.288.
Test Suite 'LauncherUITests' started at 2025-06-24 22:43:39.288.
Test Case '-[LauncherUITests.LauncherUITests testAppLaunch]' started.
    t =     0.00s Start Test at 2025-06-24 22:43:39.289
    t =     0.10s Set Up
    t =     0.10s     Open com.pp5x.Launcher
    t =     0.10s         Launch com.pp5x.Launcher
    t =     0.36s             Wait for accessibility to load
    t =     3.82s             Setting up automation session
    t =     3.83s             Wait for com.pp5x.Launcher to idle
    t =     5.84s     Open com.pp5x.Launcher
    t =     5.84s         Activate com.pp5x.Launcher
    t =     5.85s             Wait for com.pp5x.Launcher to idle
    t =     6.86s Checking existence of `"Search applications..." TextField`
    t =     6.94s Tear Down
Test Case '-[LauncherUITests.LauncherUITests testAppLaunch]' passed (7.212 seconds).
Test Case '-[LauncherUITests.LauncherUITests testCanTypeInSearchField]' started.
    t =     0.00s Start Test at 2025-06-24 22:43:46.502
    t =     0.15s Set Up
    t =     0.15s     Open com.pp5x.Launcher
    t =     0.15s         Launch com.pp5x.Launcher
    t =     0.15s             Terminate com.pp5x.Launcher:44898
    t =     1.49s             Wait for accessibility to load
    t =     4.92s             Setting up automation session
    t =     4.93s             Wait for com.pp5x.Launcher to idle
    t =     6.94s     Open com.pp5x.Launcher
    t =     6.94s         Activate com.pp5x.Launcher
    t =     6.94s             Wait for com.pp5x.Launcher to idle
    t =     7.95s Tap "Search applications..." TextField
    t =     7.95s     Wait for com.pp5x.Launcher to idle
    t =     7.96s     Find the "Search applications..." TextField
    t =     8.04s     Check for interrupting elements affecting "Search applications..." TextField
    t =     8.06s     Synthesize event
    t =     8.40s     Wait for com.pp5x.Launcher to idle
    t =     8.40s Type 'Test' into "Search applications..." TextField
    t =     8.40s     Wait for com.pp5x.Launcher to idle
    t =     8.41s     Find the "Search applications..." TextField
    t =     8.47s     Check for interrupting elements affecting "Search applications..." TextField
    t =     8.48s     Synthesize event
    t =     8.71s     Wait for com.pp5x.Launcher to idle
    t =     8.72s Find the "Search applications..." TextField
    t =     8.74s Tear Down
Test Case '-[LauncherUITests.LauncherUITests testCanTypeInSearchField]' passed (8.995 seconds).
Test Case '-[LauncherUITests.LauncherUITests testCaseInsensitiveSearch]' started.
    t =     0.00s Start Test at 2025-06-24 22:43:55.498
    t =     0.14s Set Up
    t =     0.14s     Open com.pp5x.Launcher
    t =     0.14s         Launch com.pp5x.Launcher
    t =     0.14s             Terminate com.pp5x.Launcher:44903
    t =     1.49s             Wait for accessibility to load
    t =     4.82s             Setting up automation session
    t =     4.83s             Wait for com.pp5x.Launcher to idle
    t =     6.89s     Open com.pp5x.Launcher
    t =     6.89s         Activate com.pp5x.Launcher
    t =     6.89s             Wait for com.pp5x.Launcher to idle
    t =     7.90s Tap "Search applications..." TextField
    t =     7.90s     Wait for com.pp5x.Launcher to idle
    t =     7.91s     Find the "Search applications..." TextField
    t =     8.00s     Check for interrupting elements affecting "Search applications..." TextField
    t =     8.01s     Synthesize event
    t =     8.36s     Wait for com.pp5x.Launcher to idle
    t =     8.37s Type 'safari' into "Search applications..." TextField
    t =     8.37s     Wait for com.pp5x.Launcher to idle
    t =     8.37s     Find the "Search applications..." TextField
    t =     8.42s     Check for interrupting elements affecting "Search applications..." TextField
    t =     8.44s     Synthesize event
    t =     8.57s     Wait for com.pp5x.Launcher to idle
    t =     9.58s Get all elements bound by index for: Descendants matching type StaticText
    t =     9.63s Find the StaticText (Element at index 0)
[UI TEST] Search for 'safari' returned: []
/Users/pp5x/Documents/Launcher/LauncherUITests/LauncherUITests.swift:113: error: -[LauncherUITests.LauncherUITests testCaseInsensitiveSearch] : XCTAssertEqual failed: ("[]") is not equal to ("["Safari"]") - Search for 'safari' should return apps in the correct order: ["Safari"]
    t =     9.72s Tear Down
Test Case '-[LauncherUITests.LauncherUITests testCaseInsensitiveSearch]' failed (9.993 seconds).
Test Case '-[LauncherUITests.LauncherUITests testEmptySearchShowsAllApps]' started.
    t =     0.00s Start Test at 2025-06-24 22:44:05.492
    t =     0.13s Set Up
    t =     0.13s     Open com.pp5x.Launcher
    t =     0.13s         Launch com.pp5x.Launcher
    t =     0.13s             Terminate com.pp5x.Launcher:44907
    t =     1.47s             Wait for accessibility to load
    t =     4.79s             Setting up automation session
    t =     4.79s             Wait for com.pp5x.Launcher to idle
    t =     6.85s     Open com.pp5x.Launcher
    t =     6.85s         Activate com.pp5x.Launcher
    t =     6.87s             Wait for com.pp5x.Launcher to idle
    t =     7.87s Tap "Search applications..." TextField
    t =     7.88s     Wait for com.pp5x.Launcher to idle
    t =     7.88s     Find the "Search applications..." TextField
    t =     7.97s     Check for interrupting elements affecting "Search applications..." TextField
    t =     7.98s     Synthesize event
    t =     8.32s     Wait for com.pp5x.Launcher to idle
    t =     8.32s Checking existence of `"Clear text" Button`
    t =     8.38s Type 'a' key with modifiers '⌘' (0x10)
    t =     8.38s     Wait for com.pp5x.Launcher to idle
    t =     8.39s     Find the "Search applications..." TextField
    t =     8.42s     Check for interrupting elements affecting "Search applications..." TextField
    t =     8.44s     Synthesize event
    t =     8.45s     Wait for com.pp5x.Launcher to idle
    t =     8.46s Type '⌫' key (XCUIKeyboardKeyDelete) with no modifiers
    t =     8.46s     Wait for com.pp5x.Launcher to idle
    t =     8.46s     Find the "Search applications..." TextField
    t =     8.49s     Check for interrupting elements affecting "Search applications..." TextField
    t =     8.50s     Synthesize event
    t =     8.51s     Wait for com.pp5x.Launcher to idle
    t =     8.52s Tap "Search applications..." TextField
    t =     8.52s     Wait for com.pp5x.Launcher to idle
    t =     8.53s     Find the "Search applications..." TextField
    t =     8.55s     Check for interrupting elements affecting "Search applications..." TextField
    t =     8.56s     Synthesize event
    t =     8.91s     Wait for com.pp5x.Launcher to idle
    t =     8.92s Type '' into "Search applications..." TextField
    t =     8.92s     Wait for com.pp5x.Launcher to idle
    t =     8.92s     Find the "Search applications..." TextField
    t =     8.97s     Check for interrupting elements affecting "Search applications..." TextField
    t =     8.99s     Synthesize event
    t =     9.00s     Wait for com.pp5x.Launcher to idle
    t =    10.00s Get all elements bound by index for: Descendants matching type StaticText
[UI TEST] Search for '' returned: []
/Users/pp5x/Documents/Launcher/LauncherUITests/LauncherUITests.swift:132: error: -[LauncherUITests.LauncherUITests testEmptySearchShowsAllApps] : XCTAssertGreaterThan failed: ("0") is not greater than ("20") - Empty search should show many apps
    t =    10.05s Tear Down
Test Case '-[LauncherUITests.LauncherUITests testEmptySearchShowsAllApps]' failed (10.393 seconds).
Test Case '-[LauncherUITests.LauncherUITests testLaunchPerformance]' started.
    t =     0.00s Start Test at 2025-06-24 22:44:15.885
    t =     0.10s Set Up
    t =     0.10s     Open com.pp5x.Launcher
    t =     0.10s         Launch com.pp5x.Launcher
    t =     0.10s             Terminate com.pp5x.Launcher:44912
    t =     1.44s             Wait for accessibility to load
    t =     4.74s             Setting up automation session
    t =     4.75s             Wait for com.pp5x.Launcher to idle
    t =     6.76s     Open com.pp5x.Launcher
    t =     6.76s         Activate com.pp5x.Launcher
    t =     6.77s             Wait for com.pp5x.Launcher to idle
    t =     8.04s Open com.pp5x.Launcher
    t =     8.04s     Launch com.pp5x.Launcher
    t =     8.04s         Terminate com.pp5x.Launcher:44917
    t =     9.39s         Wait for accessibility to load
    t =    12.72s         Setting up automation session
    t =    12.73s         Wait for com.pp5x.Launcher to idle
    t =    12.78s Waiting 5.0s for "Search applications..." TextField to exist
    t =    13.80s     Checking `Expect predicate `existsNoRetry == 1` for object "Search applications..." TextField`
    t =    13.80s         Checking existence of `"Search applications..." TextField`
    t =    13.89s Open com.pp5x.Launcher
    t =    13.89s     Launch com.pp5x.Launcher
    t =    13.89s         Terminate com.pp5x.Launcher:44922
    t =    15.23s         Wait for accessibility to load
    t =    18.53s         Setting up automation session
    t =    18.53s         Wait for com.pp5x.Launcher to idle
    t =    18.59s Waiting 5.0s for "Search applications..." TextField to exist
    t =    19.62s     Checking `Expect predicate `existsNoRetry == 1` for object "Search applications..." TextField`
    t =    19.62s         Checking existence of `"Search applications..." TextField`
    t =    19.70s Open com.pp5x.Launcher
    t =    19.71s     Launch com.pp5x.Launcher
    t =    19.71s         Terminate com.pp5x.Launcher:44926
    t =    21.04s         Wait for accessibility to load
    t =    24.35s         Setting up automation session
    t =    24.35s         Wait for com.pp5x.Launcher to idle
    t =    24.41s Waiting 5.0s for "Search applications..." TextField to exist
    t =    25.44s     Checking `Expect predicate `existsNoRetry == 1` for object "Search applications..." TextField`
    t =    25.44s         Checking existence of `"Search applications..." TextField`
    t =    25.53s Open com.pp5x.Launcher
    t =    25.53s     Launch com.pp5x.Launcher
    t =    25.53s         Terminate com.pp5x.Launcher:44929
    t =    26.86s         Wait for accessibility to load
    t =    30.15s         Setting up automation session
    t =    30.15s         Wait for com.pp5x.Launcher to idle
    t =    30.21s Waiting 5.0s for "Search applications..." TextField to exist
    t =    31.23s     Checking `Expect predicate `existsNoRetry == 1` for object "Search applications..." TextField`
    t =    31.23s         Checking existence of `"Search applications..." TextField`
    t =    31.31s Open com.pp5x.Launcher
    t =    31.31s     Launch com.pp5x.Launcher
    t =    31.31s         Terminate com.pp5x.Launcher:44934
    t =    32.65s         Wait for accessibility to load
    t =    35.96s         Setting up automation session
    t =    35.97s         Wait for com.pp5x.Launcher to idle
    t =    36.01s Waiting 5.0s for "Search applications..." TextField to exist
    t =    37.04s     Checking `Expect predicate `existsNoRetry == 1` for object "Search applications..." TextField`
    t =    37.05s         Checking existence of `"Search applications..." TextField`
    t =    37.13s Open com.pp5x.Launcher
    t =    37.13s     Launch com.pp5x.Launcher
    t =    37.13s         Terminate com.pp5x.Launcher:44937
    t =    38.46s         Wait for accessibility to load
    t =    41.76s         Setting up automation session
    t =    41.77s         Wait for com.pp5x.Launcher to idle
    t =    41.81s Waiting 5.0s for "Search applications..." TextField to exist
    t =    42.84s     Checking `Expect predicate `existsNoRetry == 1` for object "Search applications..." TextField`
    t =    42.84s         Checking existence of `"Search applications..." TextField`
    t =    42.92s Open com.pp5x.Launcher
    t =    42.93s     Launch com.pp5x.Launcher
    t =    42.93s         Terminate com.pp5x.Launcher:44940
    t =    44.25s         Wait for accessibility to load
    t =    47.57s         Setting up automation session
    t =    47.58s         Wait for com.pp5x.Launcher to idle
    t =    47.63s Waiting 5.0s for "Search applications..." TextField to exist
    t =    48.65s     Checking `Expect predicate `existsNoRetry == 1` for object "Search applications..." TextField`
    t =    48.65s         Checking existence of `"Search applications..." TextField`
    t =    48.74s Open com.pp5x.Launcher
    t =    48.74s     Launch com.pp5x.Launcher
    t =    48.74s         Terminate com.pp5x.Launcher:44943
    t =    50.09s         Wait for accessibility to load
    t =    53.40s         Setting up automation session
    t =    53.40s         Wait for com.pp5x.Launcher to idle
    t =    53.46s Waiting 5.0s for "Search applications..." TextField to exist
    t =    54.49s     Checking `Expect predicate `existsNoRetry == 1` for object "Search applications..." TextField`
    t =    54.49s         Checking existence of `"Search applications..." TextField`
    t =    54.58s Open com.pp5x.Launcher
    t =    54.58s     Launch com.pp5x.Launcher
    t =    54.58s         Terminate com.pp5x.Launcher:44947
    t =    55.93s         Wait for accessibility to load
    t =    59.21s         Setting up automation session
    t =    59.22s         Wait for com.pp5x.Launcher to idle
    t =    59.28s Waiting 5.0s for "Search applications..." TextField to exist
    t =    60.31s     Checking `Expect predicate `existsNoRetry == 1` for object "Search applications..." TextField`
    t =    60.31s         Checking existence of `"Search applications..." TextField`
    t =    60.40s Open com.pp5x.Launcher
    t =    60.40s     Launch com.pp5x.Launcher
    t =    60.40s         Terminate com.pp5x.Launcher:44950
    t =    61.72s         Wait for accessibility to load
    t =    65.03s         Setting up automation session
    t =    65.04s         Wait for com.pp5x.Launcher to idle
    t =    65.10s Waiting 5.0s for "Search applications..." TextField to exist
    t =    66.13s     Checking `Expect predicate `existsNoRetry == 1` for object "Search applications..." TextField`
    t =    66.13s         Checking existence of `"Search applications..." TextField`
/Users/pp5x/Documents/Launcher/LauncherUITests/LauncherUITests.swift:229: Test Case '-[LauncherUITests.LauncherUITests testLaunchPerformance]' measured [Time, seconds] average: 5.817, relative standard deviation: 0.329%, values: [5.853124, 5.814127, 5.822212, 5.785850, 5.819380, 5.791999, 5.813921, 5.839344, 5.825123, 5.804811], performanceMetricID:com.apple.XCTPerformanceMetric_WallClockTime, baselineName: "", baselineAverage: , polarity: prefers smaller, maxPercentRegression: 10.000%, maxPercentRelativeStandardDeviation: 10.000%, maxRegression: 0.100, maxStandardDeviation: 0.100
    t =    66.22s Tear Down
Test Case '-[LauncherUITests.LauncherUITests testLaunchPerformance]' passed (66.490 seconds).
Test Case '-[LauncherUITests.LauncherUITests testNoResultsForInvalidSearch]' started.
    t =     0.00s Start Test at 2025-06-24 22:45:22.376
    t =     0.12s Set Up
    t =     0.12s     Open com.pp5x.Launcher
    t =     0.12s         Launch com.pp5x.Launcher
    t =     0.12s             Terminate com.pp5x.Launcher:44953
    t =     1.45s             Wait for accessibility to load
    t =     4.77s             Setting up automation session
    t =     4.78s             Wait for com.pp5x.Launcher to idle
    t =     6.84s     Open com.pp5x.Launcher
    t =     6.84s         Activate com.pp5x.Launcher
    t =     6.85s             Wait for com.pp5x.Launcher to idle
    t =     7.86s Tap "Search applications..." TextField
    t =     7.86s     Wait for com.pp5x.Launcher to idle
    t =     7.87s     Find the "Search applications..." TextField
    t =     7.96s     Check for interrupting elements affecting "Search applications..." TextField
    t =     7.97s     Synthesize event
    t =     8.32s     Wait for com.pp5x.Launcher to idle
    t =     8.33s Type 'XYZ123' into "Search applications..." TextField
    t =     8.33s     Wait for com.pp5x.Launcher to idle
    t =     8.33s     Find the "Search applications..." TextField
    t =     8.39s     Check for interrupting elements affecting "Search applications..." TextField
    t =     8.41s     Synthesize event
    t =     8.55s     Wait for com.pp5x.Launcher to idle
    t =     9.56s Get all elements bound by index for: Descendants matching type StaticText
[UI TEST] Search for 'XYZ123' returned: []
    t =     9.61s Tear Down
Test Case '-[LauncherUITests.LauncherUITests testNoResultsForInvalidSearch]' passed (9.950 seconds).
Test Case '-[LauncherUITests.LauncherUITests testOrderOfPrefixResults]' started.
    t =     0.00s Start Test at 2025-06-24 22:45:32.327
    t =     0.13s Set Up
    t =     0.13s     Open com.pp5x.Launcher
    t =     0.14s         Launch com.pp5x.Launcher
    t =     0.14s             Terminate com.pp5x.Launcher:44958
    t =     1.47s             Wait for accessibility to load
    t =     4.79s             Setting up automation session
    t =     4.80s             Wait for com.pp5x.Launcher to idle
    t =     6.86s     Open com.pp5x.Launcher
    t =     6.86s         Activate com.pp5x.Launcher
    t =     6.87s             Wait for com.pp5x.Launcher to idle
    t =     7.88s Tap "Search applications..." TextField
    t =     7.88s     Wait for com.pp5x.Launcher to idle
    t =     7.88s     Find the "Search applications..." TextField
    t =     7.97s     Check for interrupting elements affecting "Search applications..." TextField
    t =     7.99s     Synthesize event
    t =     8.33s     Wait for com.pp5x.Launcher to idle
    t =     8.34s Type 'App' into "Search applications..." TextField
    t =     8.34s     Wait for com.pp5x.Launcher to idle
    t =     8.34s     Find the "Search applications..." TextField
    t =     8.40s     Check for interrupting elements affecting "Search applications..." TextField
    t =     8.42s     Synthesize event
    t =     8.54s     Wait for com.pp5x.Launcher to idle
    t =     9.55s Get all elements bound by index for: Descendants matching type StaticText
    t =     9.58s Find the StaticText (Element at index 0)
    t =     9.60s Find the StaticText (Element at index 1)
    t =     9.61s Find the StaticText (Element at index 2)
    t =     9.63s Find the StaticText (Element at index 3)
    t =     9.65s Find the StaticText (Element at index 4)
[UI TEST] Search for 'App' returned: []
/Users/pp5x/Documents/Launcher/LauncherUITests/LauncherUITests.swift:113: error: -[LauncherUITests.LauncherUITests testOrderOfPrefixResults] : XCTAssertEqual failed: ("[]") is not equal to ("["AppCleaner", "App Store"]") - Search for 'App' should return apps in the correct order: ["AppCleaner", "App Store"]
    t =     9.67s Tear Down
Test Case '-[LauncherUITests.LauncherUITests testOrderOfPrefixResults]' failed (9.925 seconds).
Test Case '-[LauncherUITests.LauncherUITests testPrefixMatchingForC]' started.
    t =     0.00s Start Test at 2025-06-24 22:45:42.252
    t =     0.09s Set Up
    t =     0.09s     Open com.pp5x.Launcher
    t =     0.09s         Launch com.pp5x.Launcher
    t =     0.09s             Terminate com.pp5x.Launcher:44966
    t =     1.43s             Wait for accessibility to load
    t =     4.75s             Setting up automation session
    t =     4.76s             Wait for com.pp5x.Launcher to idle
    t =     6.82s     Open com.pp5x.Launcher
    t =     6.82s         Activate com.pp5x.Launcher
    t =     6.83s             Wait for com.pp5x.Launcher to idle
    t =     7.84s Tap "Search applications..." TextField
    t =     7.84s     Wait for com.pp5x.Launcher to idle
    t =     7.85s     Find the "Search applications..." TextField
    t =     7.93s     Check for interrupting elements affecting "Search applications..." TextField
    t =     7.94s     Synthesize event
    t =     8.28s     Wait for com.pp5x.Launcher to idle
    t =     8.29s Type 'C' into "Search applications..." TextField
    t =     8.29s     Wait for com.pp5x.Launcher to idle
    t =     8.29s     Find the "Search applications..." TextField
    t =     8.35s     Check for interrupting elements affecting "Search applications..." TextField
    t =     8.36s     Synthesize event
    t =     8.46s     Wait for com.pp5x.Launcher to idle
    t =     9.47s Get all elements bound by index for: Descendants matching type StaticText
    t =     9.52s Find the StaticText (Element at index 0)
    t =     9.55s Find the StaticText (Element at index 1)
    t =     9.57s Find the StaticText (Element at index 2)
    t =     9.60s Find the StaticText (Element at index 3)
    t =     9.61s Find the StaticText (Element at index 4)
    t =     9.64s Find the StaticText (Element at index 5)
    t =     9.77s Find the StaticText (Element at index 6)
    t =     9.80s Find the StaticText (Element at index 7)
    t =     9.83s Find the StaticText (Element at index 8)
    t =     9.85s Find the StaticText (Element at index 9)
    t =     9.87s Find the StaticText (Element at index 10)
    t =     9.89s Find the StaticText (Element at index 11)
    t =     9.92s Find the StaticText (Element at index 12)
[UI TEST] Search for 'C' returned: []
/Users/pp5x/Documents/Launcher/LauncherUITests/LauncherUITests.swift:182: error: -[LauncherUITests.LauncherUITests testPrefixMatchingForC] : XCTAssertEqual failed: ("[]") is not equal to ("["Calculator", "Calendar", "Chess", "Clock", "Contacts", "Cursor"]") - Search for 'C' should return apps in the correct order
    t =     9.94s Tear Down
Test Case '-[LauncherUITests.LauncherUITests testPrefixMatchingForC]' failed (10.183 seconds).
Test Case '-[LauncherUITests.LauncherUITests testPrefixMatchingForCa]' started.
    t =     0.00s Start Test at 2025-06-24 22:45:52.435
    t =     0.10s Set Up
    t =     0.10s     Open com.pp5x.Launcher
    t =     0.10s         Launch com.pp5x.Launcher
    t =     0.10s             Terminate com.pp5x.Launcher:44972
    t =     1.42s             Wait for accessibility to load
    t =     4.76s             Setting up automation session
    t =     4.76s             Wait for com.pp5x.Launcher to idle
    t =     6.82s     Open com.pp5x.Launcher
    t =     6.82s         Activate com.pp5x.Launcher
    t =     6.83s             Wait for com.pp5x.Launcher to idle
    t =     7.84s Tap "Search applications..." TextField
    t =     7.84s     Wait for com.pp5x.Launcher to idle
    t =     7.84s     Find the "Search applications..." TextField
    t =     7.93s     Check for interrupting elements affecting "Search applications..." TextField
    t =     7.95s     Synthesize event
    t =     8.30s     Wait for com.pp5x.Launcher to idle
    t =     8.30s Type 'Ca' into "Search applications..." TextField
    t =     8.30s     Wait for com.pp5x.Launcher to idle
    t =     8.31s     Find the "Search applications..." TextField
    t =     8.36s     Check for interrupting elements affecting "Search applications..." TextField
    t =     8.38s     Synthesize event
    t =     8.43s     Wait for com.pp5x.Launcher to idle
    t =     9.44s Get all elements bound by index for: Descendants matching type StaticText
    t =     9.49s Find the StaticText (Element at index 0)
    t =     9.52s Find the StaticText (Element at index 1)
[UI TEST] Search for 'Ca' returned: []
/Users/pp5x/Documents/Launcher/LauncherUITests/LauncherUITests.swift:188: error: -[LauncherUITests.LauncherUITests testPrefixMatchingForCa] : XCTAssertEqual failed: ("[]") is not equal to ("["Calculator", "Calendar"]") - Search for 'Ca' should return apps in the correct order
    t =     9.55s Tear Down
Test Case '-[LauncherUITests.LauncherUITests testPrefixMatchingForCa]' failed (9.800 seconds).
Test Case '-[LauncherUITests.LauncherUITests testPrefixMatchingForL]' started.
    t =     0.00s Start Test at 2025-06-24 22:46:02.236
    t =     0.11s Set Up
    t =     0.11s     Open com.pp5x.Launcher
    t =     0.11s         Launch com.pp5x.Launcher
    t =     0.11s             Terminate com.pp5x.Launcher:44978
    t =     1.44s             Wait for accessibility to load
    t =     4.78s             Setting up automation session
    t =     4.78s             Wait for com.pp5x.Launcher to idle
    t =     6.85s     Open com.pp5x.Launcher
    t =     6.85s         Activate com.pp5x.Launcher
    t =     6.86s             Wait for com.pp5x.Launcher to idle
    t =     7.88s Tap "Search applications..." TextField
    t =     7.88s     Wait for com.pp5x.Launcher to idle
    t =     7.88s     Find the "Search applications..." TextField
    t =     7.97s     Check for interrupting elements affecting "Search applications..." TextField
    t =     7.98s     Synthesize event
    t =     8.31s     Wait for com.pp5x.Launcher to idle
    t =     8.32s Type 'L' into "Search applications..." TextField
    t =     8.32s     Wait for com.pp5x.Launcher to idle
    t =     8.32s     Find the "Search applications..." TextField
    t =     8.38s     Check for interrupting elements affecting "Search applications..." TextField
    t =     8.40s     Synthesize event
    t =     8.58s     Wait for com.pp5x.Launcher to idle
    t =     9.59s Get all elements bound by index for: Descendants matching type StaticText
    t =     9.64s Find the StaticText (Element at index 0)
    t =     9.67s Find the StaticText (Element at index 1)
    t =     9.69s Find the StaticText (Element at index 2)
    t =     9.71s Find the StaticText (Element at index 3)
    t =     9.73s Find the StaticText (Element at index 4)
    t =     9.76s Find the StaticText (Element at index 5)
    t =     9.78s Find the StaticText (Element at index 6)
    t =     9.80s Find the StaticText (Element at index 7)
    t =     9.82s Find the StaticText (Element at index 8)
    t =     9.84s Find the StaticText (Element at index 9)
    t =     9.86s Find the StaticText (Element at index 10)
    t =     9.88s Find the StaticText (Element at index 11)
    t =     9.91s Find the StaticText (Element at index 12)
[UI TEST] Search for 'L' returned: []
/Users/pp5x/Documents/Launcher/LauncherUITests/LauncherUITests.swift:194: error: -[LauncherUITests.LauncherUITests testPrefixMatchingForL] : XCTAssertEqual failed: ("[]") is not equal to ("["Launchpad", "logioptionsplus", "LogiPluginService", "Logseq"]") - Search for 'L' should return apps in the correct order
    t =     9.93s Tear Down
Test Case '-[LauncherUITests.LauncherUITests testPrefixMatchingForL]' failed (10.203 seconds).
Test Case '-[LauncherUITests.LauncherUITests testPrefixMatchingForLogi]' started.
    t =     0.00s Start Test at 2025-06-24 22:46:12.439
    t =     0.10s Set Up
    t =     0.10s     Open com.pp5x.Launcher
    t =     0.10s         Launch com.pp5x.Launcher
    t =     0.10s             Terminate com.pp5x.Launcher:44984
    t =     1.43s             Wait for accessibility to load
    t =     4.70s             Setting up automation session
    t =     4.70s             Wait for com.pp5x.Launcher to idle
    t =     6.76s     Open com.pp5x.Launcher
    t =     6.76s         Activate com.pp5x.Launcher
    t =     6.77s             Wait for com.pp5x.Launcher to idle
    t =     7.78s Tap "Search applications..." TextField
    t =     7.78s     Wait for com.pp5x.Launcher to idle
    t =     7.79s     Find the "Search applications..." TextField
    t =     7.88s     Check for interrupting elements affecting "Search applications..." TextField
    t =     7.89s     Synthesize event
    t =     8.23s     Wait for com.pp5x.Launcher to idle
    t =     8.23s Type 'Logi' into "Search applications..." TextField
    t =     8.23s     Wait for com.pp5x.Launcher to idle
    t =     8.24s     Find the "Search applications..." TextField
    t =     8.29s     Check for interrupting elements affecting "Search applications..." TextField
    t =     8.31s     Synthesize event
    t =     8.39s     Wait for com.pp5x.Launcher to idle
    t =     9.40s Get all elements bound by index for: Descendants matching type StaticText
    t =     9.46s Find the StaticText (Element at index 0)
    t =     9.48s Find the StaticText (Element at index 1)
    t =     9.51s Find the StaticText (Element at index 2)
    t =     9.53s Find the StaticText (Element at index 3)
    t =     9.54s Find the StaticText (Element at index 4)
    t =     9.57s Find the StaticText (Element at index 5)
    t =     9.59s Find the StaticText (Element at index 6)
    t =     9.61s Find the StaticText (Element at index 7)
    t =     9.63s Find the StaticText (Element at index 8)
[UI TEST] Search for 'Logi' returned: []
/Users/pp5x/Documents/Launcher/LauncherUITests/LauncherUITests.swift:200: error: -[LauncherUITests.LauncherUITests testPrefixMatchingForLogi] : XCTAssertEqual failed: ("[]") is not equal to ("["logioptionsplus", "LogiPluginService"]") - Search for 'Logi' should return apps in the correct order
    t =     9.66s Tear Down
Test Case '-[LauncherUITests.LauncherUITests testPrefixMatchingForLogi]' failed (9.898 seconds).
Test Case '-[LauncherUITests.LauncherUITests testPrefixMatchingForS]' started.
    t =     0.00s Start Test at 2025-06-24 22:46:22.338
    t =     0.11s Set Up
    t =     0.11s     Open com.pp5x.Launcher
    t =     0.11s         Launch com.pp5x.Launcher
    t =     0.11s             Terminate com.pp5x.Launcher:44990
    t =     1.44s             Wait for accessibility to load
    t =     4.69s             Setting up automation session
    t =     4.70s             Wait for com.pp5x.Launcher to idle
    t =     6.77s     Open com.pp5x.Launcher
    t =     6.77s         Activate com.pp5x.Launcher
    t =     6.77s             Wait for com.pp5x.Launcher to idle
    t =     7.78s Tap "Search applications..." TextField
    t =     7.78s     Wait for com.pp5x.Launcher to idle
    t =     7.79s     Find the "Search applications..." TextField
    t =     7.88s     Check for interrupting elements affecting "Search applications..." TextField
    t =     7.89s     Synthesize event
    t =     8.23s     Wait for com.pp5x.Launcher to idle
    t =     8.24s Type 'S' into "Search applications..." TextField
    t =     8.24s     Wait for com.pp5x.Launcher to idle
    t =     8.24s     Find the "Search applications..." TextField
    t =     8.30s     Check for interrupting elements affecting "Search applications..." TextField
    t =     8.31s     Synthesize event
    t =     8.38s     Wait for com.pp5x.Launcher to idle
    t =     9.39s Get all elements bound by index for: Descendants matching type StaticText
    t =     9.44s Find the StaticText (Element at index 0)
    t =     9.47s Find the StaticText (Element at index 1)
    t =     9.49s Find the StaticText (Element at index 2)
    t =     9.51s Find the StaticText (Element at index 3)
    t =     9.54s Find the StaticText (Element at index 4)
    t =     9.56s Find the StaticText (Element at index 5)
    t =     9.58s Find the StaticText (Element at index 6)
    t =     9.61s Find the StaticText (Element at index 7)
    t =     9.63s Find the StaticText (Element at index 8)
    t =     9.65s Find the StaticText (Element at index 9)
    t =     9.68s Find the StaticText (Element at index 10)
    t =     9.70s Find the StaticText (Element at index 11)
    t =     9.73s Find the StaticText (Element at index 12)
[UI TEST] Search for 'S' returned: []
/Users/pp5x/Documents/Launcher/LauncherUITests/LauncherUITests.swift:176: error: -[LauncherUITests.LauncherUITests testPrefixMatchingForS] : XCTAssertEqual failed: ("[]") is not equal to ("["Safari", "Shortcuts", "Shut Up", "Signal", "Siri", "SponsorBlock", "Stickies", "Stocks", "System Settings"]") - Search for 'S' should return apps in the correct order
    t =     9.75s Tear Down
Test Case '-[LauncherUITests.LauncherUITests testPrefixMatchingForS]' failed (10.027 seconds).
Test Case '-[LauncherUITests.LauncherUITests testSearchFieldFocus]' started.
    t =     0.00s Start Test at 2025-06-24 22:46:32.365
    t =     0.11s Set Up
    t =     0.11s     Open com.pp5x.Launcher
    t =     0.11s         Launch com.pp5x.Launcher
    t =     0.11s             Terminate com.pp5x.Launcher:44995
    t =     1.43s             Wait for accessibility to load
    t =     4.70s             Setting up automation session
    t =     4.71s             Wait for com.pp5x.Launcher to idle
    t =     6.77s     Open com.pp5x.Launcher
    t =     6.77s         Activate com.pp5x.Launcher
    t =     6.78s             Wait for com.pp5x.Launcher to idle
    t =     7.79s Tap "Search applications..." TextField
    t =     7.79s     Wait for com.pp5x.Launcher to idle
    t =     7.79s     Find the "Search applications..." TextField
    t =     7.88s     Check for interrupting elements affecting "Search applications..." TextField
    t =     7.90s     Synthesize event
    t =     8.28s     Wait for com.pp5x.Launcher to idle
    t =     8.29s Checking existence of `"Search applications..." TextField`
    t =     8.35s Tear Down
Test Case '-[LauncherUITests.LauncherUITests testSearchFieldFocus]' passed (8.618 seconds).
Test Case '-[LauncherUITests.LauncherUITests testSearchForApps]' started.
    t =     0.00s Start Test at 2025-06-24 22:46:40.984
    t =     0.13s Set Up
    t =     0.13s     Open com.pp5x.Launcher
    t =     0.13s         Launch com.pp5x.Launcher
    t =     0.13s             Terminate com.pp5x.Launcher:45000
    t =     1.45s             Wait for accessibility to load
    t =     4.68s             Setting up automation session
    t =     4.69s             Wait for com.pp5x.Launcher to idle
    t =     6.75s     Open com.pp5x.Launcher
    t =     6.75s         Activate com.pp5x.Launcher
    t =     6.76s             Wait for com.pp5x.Launcher to idle
    t =     7.78s Tap "Search applications..." TextField
    t =     7.78s     Wait for com.pp5x.Launcher to idle
    t =     7.79s     Find the "Search applications..." TextField
    t =     7.87s     Check for interrupting elements affecting "Search applications..." TextField
    t =     7.89s     Synthesize event
    t =     8.22s     Wait for com.pp5x.Launcher to idle
    t =     8.22s Type 'Safari' into "Search applications..." TextField
    t =     8.22s     Wait for com.pp5x.Launcher to idle
    t =     8.22s     Find the "Search applications..." TextField
    t =     8.28s     Check for interrupting elements affecting "Search applications..." TextField
    t =     8.30s     Synthesize event
    t =     8.38s     Wait for com.pp5x.Launcher to idle
    t =     9.39s Get all elements bound by index for: Descendants matching type StaticText
    t =     9.44s Find the StaticText (Element at index 0)
[UI TEST] Search for 'Safari' returned: []
/Users/pp5x/Documents/Launcher/LauncherUITests/LauncherUITests.swift:113: error: -[LauncherUITests.LauncherUITests testSearchForApps] : XCTAssertEqual failed: ("[]") is not equal to ("["Safari"]") - Search for 'Safari' should return apps in the correct order: ["Safari"]
    t =     9.47s Tear Down
Test Case '-[LauncherUITests.LauncherUITests testSearchForApps]' failed (9.746 seconds).
Test Case '-[LauncherUITests.LauncherUITests testSearchPerformance]' started.
    t =     0.00s Start Test at 2025-06-24 22:46:50.732
    t =     0.10s Set Up
    t =     0.11s     Open com.pp5x.Launcher
    t =     0.11s         Launch com.pp5x.Launcher
    t =     0.11s             Terminate com.pp5x.Launcher:45003
    t =     1.44s             Wait for accessibility to load
    t =     4.69s             Setting up automation session
    t =     4.70s             Wait for com.pp5x.Launcher to idle
    t =     6.76s     Open com.pp5x.Launcher
    t =     6.76s         Activate com.pp5x.Launcher
    t =     6.77s             Wait for com.pp5x.Launcher to idle
    t =     8.03s Tap "Search applications..." TextField
    t =     8.03s     Wait for com.pp5x.Launcher to idle
    t =     8.04s     Find the "Search applications..." TextField
    t =     8.12s     Check for interrupting elements affecting "Search applications..." TextField
    t =     8.14s     Synthesize event
    t =     8.49s     Wait for com.pp5x.Launcher to idle
    t =     8.49s Type 'Safari' into "Search applications..." TextField
    t =     8.49s     Wait for com.pp5x.Launcher to idle
    t =     8.50s     Find the "Search applications..." TextField
    t =     8.55s     Check for interrupting elements affecting "Search applications..." TextField
    t =     8.57s     Synthesize event
    t =     8.65s     Wait for com.pp5x.Launcher to idle
    t =     9.65s Get all elements bound by index for: Descendants matching type StaticText
    t =     9.70s Find the StaticText (Element at index 0)
[UI TEST] Search for 'Safari' returned: []
    t =     9.72s Tap "Search applications..." TextField
    t =     9.72s     Wait for com.pp5x.Launcher to idle
    t =     9.73s     Find the "Search applications..." TextField
    t =     9.75s     Check for interrupting elements affecting "Safari" TextField
    t =     9.77s     Synthesize event
    t =    10.11s     Wait for com.pp5x.Launcher to idle
    t =    10.11s Type 'Safari' into "Safari" TextField
    t =    10.11s     Wait for com.pp5x.Launcher to idle
    t =    10.12s     Find the "Safari" TextField
    t =    10.16s     Check for interrupting elements affecting "Safari" TextField
    t =    10.18s     Synthesize event
    t =    10.23s     Wait for com.pp5x.Launcher to idle
    t =    11.24s Get all elements bound by index for: Descendants matching type StaticText
[UI TEST] Search for 'Safari' returned: []
    t =    11.28s Tap "Search applications..." TextField
    t =    11.29s     Wait for com.pp5x.Launcher to idle
    t =    11.29s     Find the "Search applications..." TextField
    t =    11.32s     Check for interrupting elements affecting "SafariSafari" TextField
    t =    11.33s     Synthesize event
    t =    11.68s     Wait for com.pp5x.Launcher to idle
    t =    11.69s Type 'Safari' into "SafariSafari" TextField
    t =    11.69s     Wait for com.pp5x.Launcher to idle
    t =    11.69s     Find the "SafariSafari" TextField
    t =    11.73s     Check for interrupting elements affecting "SafariSafari" TextField
    t =    11.74s     Synthesize event
    t =    11.79s     Wait for com.pp5x.Launcher to idle
    t =    12.79s Get all elements bound by index for: Descendants matching type StaticText
[UI TEST] Search for 'Safari' returned: []
    t =    12.83s Tap "Search applications..." TextField
    t =    12.83s     Wait for com.pp5x.Launcher to idle
    t =    12.84s     Find the "Search applications..." TextField
    t =    12.87s     Check for interrupting elements affecting "SafariSafariSafari" TextField
    t =    12.89s     Synthesize event
    t =    13.24s     Wait for com.pp5x.Launcher to idle
    t =    13.24s Type 'Safari' into "SafariSafariSafari" TextField
    t =    13.24s     Wait for com.pp5x.Launcher to idle
    t =    13.25s     Find the "SafariSafariSafari" TextField
    t =    13.28s     Check for interrupting elements affecting "SafariSafariSafari" TextField
    t =    13.31s     Synthesize event
    t =    13.36s     Wait for com.pp5x.Launcher to idle
    t =    14.37s Get all elements bound by index for: Descendants matching type StaticText
[UI TEST] Search for 'Safari' returned: []
    t =    14.41s Tap "Search applications..." TextField
    t =    14.41s     Wait for com.pp5x.Launcher to idle
    t =    14.41s     Find the "Search applications..." TextField
    t =    14.44s     Check for interrupting elements affecting "SafariSafariSafariSafari" TextField
    t =    14.46s     Synthesize event
    t =    14.80s     Wait for com.pp5x.Launcher to idle
    t =    14.81s Type 'Safari' into "SafariSafariSafariSafari" TextField
    t =    14.81s     Wait for com.pp5x.Launcher to idle
    t =    14.81s     Find the "SafariSafariSafariSafari" TextField
    t =    14.85s     Check for interrupting elements affecting "SafariSafariSafariSafari" TextField
    t =    14.87s     Synthesize event
    t =    14.92s     Wait for com.pp5x.Launcher to idle
    t =    15.94s Get all elements bound by index for: Descendants matching type StaticText
[UI TEST] Search for 'Safari' returned: []
    t =    15.98s Tap "Search applications..." TextField
    t =    15.98s     Wait for com.pp5x.Launcher to idle
    t =    15.99s     Find the "Search applications..." TextField
    t =    16.02s     Check for interrupting elements affecting "SafariSafariSafariSafariSafari" TextField
    t =    16.03s     Synthesize event
    t =    16.36s     Wait for com.pp5x.Launcher to idle
    t =    16.36s Type 'Safari' into "SafariSafariSafariSafariSafari" TextField
    t =    16.36s     Wait for com.pp5x.Launcher to idle
    t =    16.36s     Find the "SafariSafariSafariSafariSafari" TextField
    t =    16.40s     Check for interrupting elements affecting "SafariSafariSafariSafariSafari" TextField
    t =    16.42s     Synthesize event
    t =    16.47s     Wait for com.pp5x.Launcher to idle
    t =    17.48s Get all elements bound by index for: Descendants matching type StaticText
[UI TEST] Search for 'Safari' returned: []
    t =    17.53s Tap "Search applications..." TextField
    t =    17.53s     Wait for com.pp5x.Launcher to idle
    t =    17.53s     Find the "Search applications..." TextField
    t =    17.56s     Check for interrupting elements affecting "SafariSafariSafariSafariSafariSafari" TextField
    t =    17.57s     Synthesize event
    t =    17.95s     Wait for com.pp5x.Launcher to idle
    t =    17.95s Type 'Safari' into "SafariSafariSafariSafariSafariSafari" TextField
    t =    17.96s     Wait for com.pp5x.Launcher to idle
    t =    17.96s     Find the "SafariSafariSafariSafariSafariSafari" TextField
    t =    18.00s     Check for interrupting elements affecting "SafariSafariSafariSafariSafariSafari" TextField
    t =    18.02s     Synthesize event
    t =    18.08s     Wait for com.pp5x.Launcher to idle
    t =    19.09s Get all elements bound by index for: Descendants matching type StaticText
[UI TEST] Search for 'Safari' returned: []
    t =    19.13s Tap "Search applications..." TextField
    t =    19.13s     Wait for com.pp5x.Launcher to idle
    t =    19.14s     Find the "Search applications..." TextField
    t =    19.17s     Check for interrupting elements affecting "SafariSafariSafariSafariSafariSafaSafariri" TextField
    t =    19.18s     Synthesize event
    t =    19.50s     Wait for com.pp5x.Launcher to idle
    t =    19.50s Type 'Safari' into "SafariSafariSafariSafariSafariSafaSafariri" TextField
    t =    19.50s     Wait for com.pp5x.Launcher to idle
    t =    19.51s     Find the "SafariSafariSafariSafariSafariSafaSafariri" TextField
    t =    19.55s     Check for interrupting elements affecting "SafariSafariSafariSafariSafariSafaSafariri" TextField
    t =    19.57s     Synthesize event
    t =    19.62s     Wait for com.pp5x.Launcher to idle
    t =    20.64s Get all elements bound by index for: Descendants matching type StaticText
[UI TEST] Search for 'Safari' returned: []
    t =    20.68s Tap "Search applications..." TextField
    t =    20.68s     Wait for com.pp5x.Launcher to idle
    t =    20.68s     Find the "Search applications..." TextField
    t =    20.71s     Check for interrupting elements affecting "SafariSafariSafariSafariSafariSafaSafariSafariri" TextField
    t =    20.72s     Synthesize event
    t =    21.07s     Wait for com.pp5x.Launcher to idle
    t =    21.07s Type 'Safari' into "SafariSafariSafariSafariSafariSafaSafariSafariri" TextField
    t =    21.07s     Wait for com.pp5x.Launcher to idle
    t =    21.07s     Find the "SafariSafariSafariSafariSafariSafaSafariSafariri" TextField
    t =    21.12s     Check for interrupting elements affecting "SafariSafariSafariSafariSafariSafaSafariSafariri" TextField
    t =    21.14s     Synthesize event
    t =    21.20s     Wait for com.pp5x.Launcher to idle
    t =    22.21s Get all elements bound by index for: Descendants matching type StaticText
[UI TEST] Search for 'Safari' returned: []
    t =    22.25s Tap "Search applications..." TextField
    t =    22.25s     Wait for com.pp5x.Launcher to idle
    t =    22.26s     Find the "Search applications..." TextField
    t =    22.29s     Check for interrupting elements affecting "SafariSafariSafariSafariSafariSafaSafariSafariSafariri" TextField
    t =    22.30s     Synthesize event
    t =    22.65s     Wait for com.pp5x.Launcher to idle
    t =    22.65s Type 'Safari' into "SafariSafariSafariSafariSafariSafaSafariSafariSafariri" TextField
    t =    22.65s     Wait for com.pp5x.Launcher to idle
    t =    22.66s     Find the "SafariSafariSafariSafariSafariSafaSafariSafariSafariri" TextField
    t =    22.70s     Check for interrupting elements affecting "SafariSafariSafariSafariSafariSafaSafariSafariSafariri" TextField
    t =    22.72s     Synthesize event
    t =    22.77s     Wait for com.pp5x.Launcher to idle
    t =    23.79s Get all elements bound by index for: Descendants matching type StaticText
[UI TEST] Search for 'Safari' returned: []
/Users/pp5x/Documents/Launcher/LauncherUITests/LauncherUITests.swift:223: Test Case '-[LauncherUITests.LauncherUITests testSearchPerformance]' measured [Time, seconds] average: 1.580, relative standard deviation: 2.596%, values: [1.691872, 1.562371, 1.547651, 1.578685, 1.571373, 1.545142, 1.603284, 1.547070, 1.573499, 1.580907], performanceMetricID:com.apple.XCTPerformanceMetric_WallClockTime, baselineName: "", baselineAverage: , polarity: prefers smaller, maxPercentRegression: 10.000%, maxPercentRelativeStandardDeviation: 10.000%, maxRegression: 0.100, maxStandardDeviation: 0.100
    t =    23.84s Tear Down
Test Case '-[LauncherUITests.LauncherUITests testSearchPerformance]' passed (24.149 seconds).
Test Case '-[LauncherUITests.LauncherUITests testWhitespaceHandling]' started.
    t =     0.00s Start Test at 2025-06-24 22:47:14.884
    t =     0.12s Set Up
    t =     0.12s     Open com.pp5x.Launcher
    t =     0.12s         Launch com.pp5x.Launcher
    t =     0.12s             Terminate com.pp5x.Launcher:45008
    t =     1.46s             Wait for accessibility to load
    t =     4.71s             Setting up automation session
    t =     4.72s             Wait for com.pp5x.Launcher to idle
    t =     6.77s     Open com.pp5x.Launcher
    t =     6.78s         Activate com.pp5x.Launcher
    t =     6.78s             Wait for com.pp5x.Launcher to idle
    t =     7.79s Tap "Search applications..." TextField
    t =     7.79s     Wait for com.pp5x.Launcher to idle
    t =     7.80s     Find the "Search applications..." TextField
    t =     7.89s     Check for interrupting elements affecting "Search applications..." TextField
    t =     7.90s     Synthesize event
    t =     8.25s     Wait for com.pp5x.Launcher to idle
    t =     8.26s Type '  Safari  ' into "Search applications..." TextField
    t =     8.26s     Wait for com.pp5x.Launcher to idle
    t =     8.26s     Find the "Search applications..." TextField
    t =     8.32s     Check for interrupting elements affecting "Search applications..." TextField
    t =     8.34s     Synthesize event
    t =     8.49s     Wait for com.pp5x.Launcher to idle
    t =     9.49s Get all elements bound by index for: Descendants matching type StaticText
    t =     9.54s Find the StaticText (Element at index 0)
[UI TEST] Search for '  Safari  ' returned: []
/Users/pp5x/Documents/Launcher/LauncherUITests/LauncherUITests.swift:113: error: -[LauncherUITests.LauncherUITests testWhitespaceHandling] : XCTAssertEqual failed: ("[]") is not equal to ("["Safari"]") - Search for '  Safari  ' should return apps in the correct order: ["Safari"]
    t =     9.57s Tear Down
Test Case '-[LauncherUITests.LauncherUITests testWhitespaceHandling]' failed (9.832 seconds).
Test Case '-[LauncherUITests.LauncherUITests testWindowShowsImmediately]' started.
    t =     0.00s Start Test at 2025-06-24 22:47:24.715
    t =     0.10s Set Up
    t =     0.10s     Open com.pp5x.Launcher
    t =     0.10s         Launch com.pp5x.Launcher
    t =     0.10s             Terminate com.pp5x.Launcher:45021
    t =     1.43s             Wait for accessibility to load
    t =     4.68s             Setting up automation session
    t =     4.69s             Wait for com.pp5x.Launcher to idle
    t =     6.79s     Open com.pp5x.Launcher
    t =     6.79s         Activate com.pp5x.Launcher
    t =     6.79s             Wait for com.pp5x.Launcher to idle
    t =     7.80s Checking existence of `"Search applications..." TextField`
    t =     7.88s Find the "Search applications..." TextField
    t =     7.91s Find the "Search applications..." TextField
    t =     7.95s Tear Down
Test Case '-[LauncherUITests.LauncherUITests testWindowShowsImmediately]' passed (8.217 seconds).
Test Suite 'LauncherUITests' failed at 2025-06-24 22:47:32.932.
	 Executed 17 tests, with 10 failures (0 unexpected) in 233.632 (233.644) seconds
Test Suite 'LauncherUITestsLaunchTests' started at 2025-06-24 22:47:32.934.
Test Case '-[LauncherUITests.LauncherUITestsLaunchTests testLaunch]' started.
    t =     0.00s Setting appearance mode to Light
    t =     0.43s     Wait for com.todesktop.230313mzl4w4u92 to idle
    t =     0.44s     Wait for com.pp5x.Launcher to idle
    t =     0.45s     Wait for com.pp5x.Launcher to idle
    t =     0.47s     Wait for com.pp5x.Launcher to idle
    t =     0.48s Start Test at 2025-06-24 22:47:33.419
    t =     0.69s Set Up
    t =     0.69s Open com.pp5x.Launcher
    t =     0.69s     Launch com.pp5x.Launcher
    t =     0.69s         Terminate com.pp5x.Launcher:45026
    t =     2.00s         Wait for accessibility to load
    t =     5.25s         Setting up automation session
    t =     5.26s         Wait for com.pp5x.Launcher to idle
    t =     5.30s Find the Target Application 'com.pp5x.Launcher'
    t =     5.49s Added attachment named 'Launch Screen'
    t =     5.49s Tear Down
Test Case '-[LauncherUITests.LauncherUITestsLaunchTests testLaunch]' passed (5.748 seconds).
Test Case '-[LauncherUITests.LauncherUITestsLaunchTests testLaunch]' started.
    t =     0.00s Setting appearance mode to Dark
    t =     0.31s     Wait for com.todesktop.230313mzl4w4u92 to idle
    t =     0.33s     Wait for com.pp5x.Launcher to idle
    t =     0.34s     Wait for com.pp5x.Launcher to idle
    t =     0.35s     Wait for com.pp5x.Launcher to idle
    t =     0.37s Start Test at 2025-06-24 22:47:39.050
    t =     0.52s Set Up
    t =     0.52s Open com.pp5x.Launcher
    t =     0.52s     Launch com.pp5x.Launcher
    t =     0.53s         Terminate com.pp5x.Launcher:45033
    t =     1.89s         Wait for accessibility to load
    t =     5.14s         Setting up automation session
    t =     5.15s         Wait for com.pp5x.Launcher to idle
    t =     5.20s Find the Target Application 'com.pp5x.Launcher'
    t =     5.38s Added attachment named 'Launch Screen'
    t =     5.38s Tear Down
Test Case '-[LauncherUITests.LauncherUITestsLaunchTests testLaunch]' passed (5.616 seconds).
Test Suite 'LauncherUITestsLaunchTests' passed at 2025-06-24 22:47:44.300.
	 Executed 2 tests, with 0 failures (0 unexpected) in 11.365 (11.367) seconds
Test Suite 'LauncherUITests.xctest' failed at 2025-06-24 22:47:44.302.
	 Executed 19 tests, with 10 failures (0 unexpected) in 244.996 (245.014) seconds
Test Suite 'All tests' failed at 2025-06-24 22:47:44.302.
	 Executed 19 tests, with 10 failures (0 unexpected) in 244.996 (245.016) seconds

Test session results, code coverage, and logs:
	/Users/pp5x/Library/Developer/Xcode/DerivedData/Launcher-cbzeuchggxsgdhbpecnphfgvguwc/Logs/Test/Test-Launcher-2025.06.24_22-43-25-+0200.xcresult

Testing started
Test suite 'LauncherTests' started on 'My Mac - Launcher (44884)'
Test case 'LauncherTests.testAlphabeticalOrdering()' passed on 'My Mac - Launcher (44884)' (0.001 seconds)
Test case 'LauncherTests.testAppCleanerExactMatching()' passed on 'My Mac - Launcher (44884)' (0.001 seconds)
Test case 'LauncherTests.testAppCleanerLowerCaseMatching()' passed on 'My Mac - Launcher (44884)' (0.000 seconds)
Test case 'LauncherTests.testApplicationLoaderFiltersCorrectly()' passed on 'My Mac - Launcher (44884)' (0.000 seconds)
Test case 'LauncherTests.testApplicationLoaderLoadsApplications()' passed on 'My Mac - Launcher (44884)' (3.516 seconds)
Test case 'LauncherTests.testApplicationLoaderMaintainsOrder()' passed on 'My Mac - Launcher (44884)' (0.001 seconds)
Test case 'LauncherTests.testAppPrefixOrderConsistency()' passed on 'My Mac - Launcher (44884)' (0.001 seconds)
Test case 'LauncherTests.testAppStoreExactMatching()' passed on 'My Mac - Launcher (44884)' (0.001 seconds)
Test case 'LauncherTests.testAppStoreLowerCaseMatching()' passed on 'My Mac - Launcher (44884)' (0.000 seconds)
Test case 'LauncherTests.testCaseInsensitiveSearch()' passed on 'My Mac - Launcher (44884)' (0.000 seconds)
Test case 'LauncherTests.testCaseInsensitivity()' passed on 'My Mac - Launcher (44884)' (0.001 seconds)
Test case 'LauncherTests.testEmptySearchReturnsAllApps()' passed on 'My Mac - Launcher (44884)' (0.000 seconds)
Test case 'LauncherTests.testExactMatchPrioritization()' passed on 'My Mac - Launcher (44884)' (0.002 seconds)
Test case 'LauncherTests.testLongQueryNoMatch()' passed on 'My Mac - Launcher (44884)' (0.000 seconds)
Test case 'LauncherTests.testMultiWordSearch()' passed on 'My Mac - Launcher (44884)' (0.000 seconds)
Test case 'LauncherTests.testNoMatchesReturnsEmptyArray()' passed on 'My Mac - Launcher (44884)' (0.000 seconds)
Test case 'LauncherTests.testNoResults()' passed on 'My Mac - Launcher (44884)' (0.000 seconds)
Test case 'LauncherTests.testNoSubstringMatching()' passed on 'My Mac - Launcher (44884)' (0.004 seconds)
Test case 'LauncherTests.testOrderStability()' passed on 'My Mac - Launcher (44884)' (0.000 seconds)
Test case 'LauncherTests.testPartialWordSearch()' passed on 'My Mac - Launcher (44884)' (0.000 seconds)
Test case 'LauncherTests.testPrefixMatchingExactMatch()' passed on 'My Mac - Launcher (44884)' (0.000 seconds)
Test case 'LauncherTests.testPrefixMatchingMultipleResults()' passed on 'My Mac - Launcher (44884)' (0.000 seconds)
Test case 'LauncherTests.testSafariLowerCaseMatching()' passed on 'My Mac - Launcher (44884)' (0.000 seconds)
Test case 'LauncherTests.testSafariMatching()' passed on 'My Mac - Launcher (44884)' (0.009 seconds)
Test case 'LauncherTests.testSpecialCharacterAndNumberHandling()' passed on 'My Mac - Launcher (44884)' (0.000 seconds)
Test case 'LauncherTests.testSpecialCharactersInSearch()' passed on 'My Mac - Launcher (44884)' (0.000 seconds)
Test case 'LauncherTests.testVeryShortQuery()' passed on 'My Mac - Launcher (44884)' (0.000 seconds)
Test case 'LauncherTests.testWhitespaceTrimming()' passed on 'My Mac - Launcher (44884)' (0.000 seconds)
Test suite 'All tests' started on 'My Mac - LauncherUITests-Runner (44894)'
Test suite 'LauncherUITests.xctest' started on 'My Mac - LauncherUITests-Runner (44894)'
Test suite 'LauncherUITests' started on 'My Mac - LauncherUITests-Runner (44894)'
Test case 'LauncherUITests.testAppLaunch()' passed on 'My Mac - LauncherUITests-Runner (44894)' (7.212 seconds)
Test case 'LauncherUITests.testCanTypeInSearchField()' passed on 'My Mac - LauncherUITests-Runner (44894)' (8.995 seconds)
Test case 'LauncherUITests.testCaseInsensitiveSearch()' failed on 'My Mac - LauncherUITests-Runner (44894)' (9.993 seconds)
Test case 'LauncherUITests.testEmptySearchShowsAllApps()' failed on 'My Mac - LauncherUITests-Runner (44894)' (10.393 seconds)
Test case 'LauncherUITests.testLaunchPerformance()' passed on 'My Mac - LauncherUITests-Runner (44894)' (66.490 seconds)
Test case 'LauncherUITests.testNoResultsForInvalidSearch()' passed on 'My Mac - LauncherUITests-Runner (44894)' (9.950 seconds)
Test case 'LauncherUITests.testOrderOfPrefixResults()' failed on 'My Mac - LauncherUITests-Runner (44894)' (9.925 seconds)
Test case 'LauncherUITests.testPrefixMatchingForC()' failed on 'My Mac - LauncherUITests-Runner (44894)' (10.183 seconds)
Test case 'LauncherUITests.testPrefixMatchingForCa()' failed on 'My Mac - LauncherUITests-Runner (44894)' (9.800 seconds)
Test case 'LauncherUITests.testPrefixMatchingForL()' failed on 'My Mac - LauncherUITests-Runner (44894)' (10.203 seconds)
Test case 'LauncherUITests.testPrefixMatchingForLogi()' failed on 'My Mac - LauncherUITests-Runner (44894)' (9.898 seconds)
Test case 'LauncherUITests.testPrefixMatchingForS()' failed on 'My Mac - LauncherUITests-Runner (44894)' (10.027 seconds)
Test case 'LauncherUITests.testSearchFieldFocus()' passed on 'My Mac - LauncherUITests-Runner (44894)' (8.618 seconds)
Test case 'LauncherUITests.testSearchForApps()' failed on 'My Mac - LauncherUITests-Runner (44894)' (9.746 seconds)
Test case 'LauncherUITests.testSearchPerformance()' passed on 'My Mac - LauncherUITests-Runner (44894)' (24.149 seconds)
Test case 'LauncherUITests.testWhitespaceHandling()' failed on 'My Mac - LauncherUITests-Runner (44894)' (9.832 seconds)
Test case 'LauncherUITests.testWindowShowsImmediately()' passed on 'My Mac - LauncherUITests-Runner (44894)' (8.217 seconds)
Test suite 'LauncherUITestsLaunchTests' started on 'My Mac - LauncherUITests-Runner (44894)'
Test case 'LauncherUITestsLaunchTests.testLaunch()' passed on 'My Mac - LauncherUITests-Runner (44894)' (5.748 seconds)
Test case 'LauncherUITestsLaunchTests.testLaunch()' passed on 'My Mac - LauncherUITests-Runner (44894)' (5.616 seconds)
